{"/home/travis/build/npmtest/node-npmtest-prompt/test.js":{"path":"/home/travis/build/npmtest/node-npmtest-prompt/test.js","s":{"1":2,"2":2,"3":2,"4":2,"5":2,"6":2,"7":2,"8":1,"9":2,"10":2,"11":1,"12":1,"13":1,"14":1,"15":2,"16":2,"17":2,"18":2,"19":1,"20":1,"21":2,"22":2,"23":2,"24":1,"25":1,"26":1,"27":1,"28":1,"29":1,"30":1,"31":1,"32":1,"33":1,"34":1,"35":1,"36":1,"37":1,"38":1,"39":2,"40":2,"41":1,"42":2,"43":2,"44":1,"45":2,"46":2,"47":1,"48":2,"49":2,"50":1,"51":1,"52":1,"53":1,"54":1},"b":{"1":[2,1,1,1],"2":[1,1,1,1],"3":[1,1],"4":[1,1],"5":[1,1],"6":[1,1],"7":[1,1],"8":[1,1],"9":[1,1],"10":[1,1,1],"11":[1,1],"12":[1,1],"13":[1,1],"14":[1,1],"15":[1,1],"16":[1,1],"17":[1,1]},"f":{"1":2,"2":2,"3":2,"4":2,"5":2,"6":1,"7":1,"8":1,"9":2,"10":2,"11":2,"12":2,"13":1},"fnMap":{"1":{"name":"(anonymous_1)","line":12,"loc":{"start":{"line":12,"column":1},"end":{"line":12,"column":13}}},"2":{"name":"(anonymous_2)","line":19,"loc":{"start":{"line":19,"column":5},"end":{"line":19,"column":17}}},"3":{"name":"(anonymous_3)","line":23,"loc":{"start":{"line":23,"column":24},"end":{"line":23,"column":36}}},"4":{"name":"(anonymous_4)","line":61,"loc":{"start":{"line":61,"column":5},"end":{"line":61,"column":17}}},"5":{"name":"(anonymous_5)","line":82,"loc":{"start":{"line":82,"column":5},"end":{"line":82,"column":17}}},"6":{"name":"(anonymous_6)","line":91,"loc":{"start":{"line":91,"column":77},"end":{"line":94,"column":10}}},"7":{"name":"(anonymous_7)","line":112,"loc":{"start":{"line":112,"column":83},"end":{"line":115,"column":10}},"skip":true},"8":{"name":"(anonymous_8)","line":123,"loc":{"start":{"line":123,"column":77},"end":{"line":126,"column":10}},"skip":true},"9":{"name":"(anonymous_9)","line":139,"loc":{"start":{"line":139,"column":12},"end":{"line":139,"column":40}},"skip":true},"10":{"name":"(anonymous_10)","line":147,"loc":{"start":{"line":147,"column":77},"end":{"line":150,"column":10}},"skip":true},"11":{"name":"(anonymous_11)","line":158,"loc":{"start":{"line":158,"column":83},"end":{"line":161,"column":10}},"skip":true},"12":{"name":"(anonymous_12)","line":169,"loc":{"start":{"line":169,"column":79},"end":{"line":172,"column":10}},"skip":true},"13":{"name":"(anonymous_13)","line":180,"loc":{"start":{"line":180,"column":75},"end":{"line":183,"column":10}},"skip":true}},"statementMap":{"1":{"start":{"line":12,"column":0},"end":{"line":195,"column":5}},"2":{"start":{"line":14,"column":4},"end":{"line":14,"column":14}},"3":{"start":{"line":19,"column":4},"end":{"line":56,"column":9}},"4":{"start":{"line":21,"column":8},"end":{"line":21,"column":19}},"5":{"start":{"line":23,"column":8},"end":{"line":35,"column":13}},"6":{"start":{"line":24,"column":12},"end":{"line":34,"column":13}},"7":{"start":{"line":25,"column":16},"end":{"line":28,"column":30}},"8":{"start":{"line":30,"column":16},"end":{"line":33,"column":27}},"9":{"start":{"line":37,"column":8},"end":{"line":39,"column":21}},"10":{"start":{"line":40,"column":8},"end":{"line":53,"column":9}},"11":{"start":{"line":43,"column":12},"end":{"line":46,"column":14}},"12":{"start":{"line":47,"column":12},"end":{"line":47,"column":18}},"13":{"start":{"line":50,"column":12},"end":{"line":51,"column":46}},"14":{"start":{"line":52,"column":12},"end":{"line":52,"column":18}},"15":{"start":{"line":55,"column":8},"end":{"line":55,"column":35}},"16":{"start":{"line":61,"column":4},"end":{"line":63,"column":9}},"17":{"start":{"line":62,"column":8},"end":{"line":62,"column":15}},"18":{"start":{"line":64,"column":4},"end":{"line":77,"column":5}},"19":{"start":{"line":70,"column":8},"end":{"line":70,"column":14}},"20":{"start":{"line":76,"column":8},"end":{"line":76,"column":14}},"21":{"start":{"line":82,"column":4},"end":{"line":84,"column":9}},"22":{"start":{"line":83,"column":8},"end":{"line":83,"column":15}},"23":{"start":{"line":85,"column":4},"end":{"line":194,"column":5}},"24":{"start":{"line":91,"column":8},"end":{"line":99,"column":10}},"25":{"start":{"line":98,"column":12},"end":{"line":98,"column":35}},"26":{"start":{"line":102,"column":8},"end":{"line":104,"column":63}},"27":{"start":{"line":105,"column":8},"end":{"line":105,"column":14}},"28":{"start":{"line":112,"column":8},"end":{"line":121,"column":10},"skip":true},"29":{"start":{"line":119,"column":12},"end":{"line":119,"column":55},"skip":true},"30":{"start":{"line":120,"column":12},"end":{"line":120,"column":48},"skip":true},"31":{"start":{"line":123,"column":8},"end":{"line":136,"column":10},"skip":true},"32":{"start":{"line":130,"column":12},"end":{"line":130,"column":76},"skip":true},"33":{"start":{"line":131,"column":12},"end":{"line":131,"column":73},"skip":true},"34":{"start":{"line":132,"column":12},"end":{"line":132,"column":74},"skip":true},"35":{"start":{"line":133,"column":12},"end":{"line":133,"column":79},"skip":true},"36":{"start":{"line":134,"column":12},"end":{"line":134,"column":25},"skip":true},"37":{"start":{"line":135,"column":12},"end":{"line":135,"column":45},"skip":true},"38":{"start":{"line":138,"column":8},"end":{"line":145,"column":14},"skip":true},"39":{"start":{"line":143,"column":16},"end":{"line":143,"column":29},"skip":true},"40":{"start":{"line":144,"column":16},"end":{"line":144,"column":55},"skip":true},"41":{"start":{"line":147,"column":8},"end":{"line":156,"column":10},"skip":true},"42":{"start":{"line":154,"column":12},"end":{"line":154,"column":25},"skip":true},"43":{"start":{"line":155,"column":12},"end":{"line":155,"column":45},"skip":true},"44":{"start":{"line":158,"column":8},"end":{"line":167,"column":10},"skip":true},"45":{"start":{"line":165,"column":12},"end":{"line":165,"column":25},"skip":true},"46":{"start":{"line":166,"column":12},"end":{"line":166,"column":48},"skip":true},"47":{"start":{"line":169,"column":8},"end":{"line":178,"column":10},"skip":true},"48":{"start":{"line":176,"column":12},"end":{"line":176,"column":25},"skip":true},"49":{"start":{"line":177,"column":12},"end":{"line":177,"column":46},"skip":true},"50":{"start":{"line":180,"column":8},"end":{"line":189,"column":10},"skip":true},"51":{"start":{"line":187,"column":12},"end":{"line":187,"column":94},"skip":true},"52":{"start":{"line":188,"column":12},"end":{"line":188,"column":48},"skip":true},"53":{"start":{"line":192,"column":8},"end":{"line":192,"column":35},"skip":true},"54":{"start":{"line":193,"column":8},"end":{"line":193,"column":14},"skip":true}},"branchMap":{"1":{"line":25,"type":"binary-expr","locations":[{"start":{"line":25,"column":23},"end":{"line":25,"column":62}},{"start":{"line":26,"column":20},"end":{"line":26,"column":70}},{"start":{"line":27,"column":20},"end":{"line":27,"column":71}},{"start":{"line":28,"column":20},"end":{"line":28,"column":29}}]},"2":{"line":30,"type":"binary-expr","locations":[{"start":{"line":30,"column":23},"end":{"line":30,"column":37}},{"start":{"line":31,"column":20},"end":{"line":31,"column":61}},{"start":{"line":32,"column":20},"end":{"line":32,"column":70}},{"start":{"line":33,"column":20},"end":{"line":33,"column":26}}]},"3":{"line":37,"type":"cond-expr","locations":[{"start":{"line":38,"column":14},"end":{"line":38,"column":20}},{"start":{"line":39,"column":14},"end":{"line":39,"column":20}}]},"4":{"line":40,"type":"switch","locations":[{"start":{"line":42,"column":8},"end":{"line":47,"column":18}},{"start":{"line":49,"column":8},"end":{"line":52,"column":18}}]},"5":{"line":44,"type":"binary-expr","locations":[{"start":{"line":44,"column":16},"end":{"line":44,"column":44}},{"start":{"line":44,"column":48},"end":{"line":44,"column":66}}]},"6":{"line":50,"type":"binary-expr","locations":[{"start":{"line":50,"column":21},"end":{"line":50,"column":49}},{"start":{"line":50,"column":53},"end":{"line":50,"column":72}}]},"7":{"line":64,"type":"switch","locations":[{"start":{"line":69,"column":4},"end":{"line":70,"column":14}},{"start":{"line":75,"column":4},"end":{"line":76,"column":14}}]},"8":{"line":85,"type":"switch","locations":[{"start":{"line":90,"column":4},"end":{"line":105,"column":14}},{"start":{"line":111,"column":4},"end":{"line":193,"column":14},"skip":true}]},"9":{"line":91,"type":"binary-expr","locations":[{"start":{"line":91,"column":42},"end":{"line":91,"column":73}},{"start":{"line":91,"column":77},"end":{"line":99,"column":9}}]},"10":{"line":102,"type":"binary-expr","locations":[{"start":{"line":102,"column":18},"end":{"line":102,"column":32}},{"start":{"line":103,"column":12},"end":{"line":103,"column":53}},{"start":{"line":104,"column":12},"end":{"line":104,"column":61}}]},"11":{"line":112,"type":"binary-expr","locations":[{"start":{"line":112,"column":45},"end":{"line":112,"column":79},"skip":true},{"start":{"line":112,"column":83},"end":{"line":121,"column":9},"skip":true}]},"12":{"line":123,"type":"binary-expr","locations":[{"start":{"line":123,"column":42},"end":{"line":123,"column":73},"skip":true},{"start":{"line":123,"column":77},"end":{"line":136,"column":9},"skip":true}]},"13":{"line":138,"type":"binary-expr","locations":[{"start":{"line":138,"column":48},"end":{"line":138,"column":85},"skip":true},{"start":{"line":139,"column":12},"end":{"line":145,"column":13},"skip":true}]},"14":{"line":147,"type":"binary-expr","locations":[{"start":{"line":147,"column":42},"end":{"line":147,"column":73},"skip":true},{"start":{"line":147,"column":77},"end":{"line":156,"column":9},"skip":true}]},"15":{"line":158,"type":"binary-expr","locations":[{"start":{"line":158,"column":45},"end":{"line":158,"column":79},"skip":true},{"start":{"line":158,"column":83},"end":{"line":167,"column":9},"skip":true}]},"16":{"line":169,"type":"binary-expr","locations":[{"start":{"line":169,"column":43},"end":{"line":169,"column":75},"skip":true},{"start":{"line":169,"column":79},"end":{"line":178,"column":9},"skip":true}]},"17":{"line":180,"type":"binary-expr","locations":[{"start":{"line":180,"column":41},"end":{"line":180,"column":71},"skip":true},{"start":{"line":180,"column":75},"end":{"line":189,"column":9},"skip":true}]}},"code":["/* istanbul instrument in package npmtest_prompt */","/*jslint","    bitwise: true,","    browser: true,","    maxerr: 8,","    maxlen: 96,","    node: true,","    nomen: true,","    regexp: true,","    stupid: true","*/","(function () {","    'use strict';","    var local;","","","","    // run shared js-env code - pre-init","    (function () {","        // init local","        local = {};","        // init modeJs","        local.modeJs = (function () {","            try {","                return typeof navigator.userAgent === 'string' &&","                    typeof document.querySelector('body') === 'object' &&","                    typeof XMLHttpRequest.prototype.open === 'function' &&","                    'browser';","            } catch (errorCaughtBrowser) {","                return module.exports &&","                    typeof process.versions.node === 'string' &&","                    typeof require('http').createServer === 'function' &&","                    'node';","            }","        }());","        // init global","        local.global = local.modeJs === 'browser'","            ? window","            : global;","        switch (local.modeJs) {","        // re-init local from window.local","        case 'browser':","            local = local.global.utility2.objectSetDefault(","                local.global.utility2_rollup || local.global.local,","                local.global.utility2","            );","            break;","        // re-init local from example.js","        case 'node':","            local = (local.global.utility2_rollup || require('utility2'))","                .requireExampleJsFromReadme();","            break;","        }","        // export local","        local.global.local = local;","    }());","","","","    // run shared js-env code - function","    (function () {","        return;","    }());","    switch (local.modeJs) {","","","","    // run browser js-env code - function","    case 'browser':","        break;","","","","    // run node js-env code - function","    case 'node':","        break;","    }","","","","    // run shared js-env code - post-init","    (function () {","        return;","    }());","    switch (local.modeJs) {","","","","    // run browser js-env code - post-init","    case 'browser':","        local.testCase_browser_nullCase = local.testCase_browser_nullCase || function (","            options,","            onError","        ) {","        /*","         * this function will test browsers's null-case handling-behavior-behavior","         */","            onError(null, options);","        };","","        // run tests","        local.nop(local.modeTest &&","            document.querySelector('#testRunButton1') &&","            document.querySelector('#testRunButton1').click());","        break;","","","","    // run node js-env code - post-init","    /* istanbul ignore next */","    case 'node':","        local.testCase_buildApidoc_default = local.testCase_buildApidoc_default || function (","            options,","            onError","        ) {","        /*","         * this function will test buildApidoc's default handling-behavior-behavior","         */","            options = { modulePathList: module.paths };","            local.buildApidoc(options, onError);","        };","","        local.testCase_buildApp_default = local.testCase_buildApp_default || function (","            options,","            onError","        ) {","        /*","         * this function will test buildApp's default handling-behavior-behavior","         */","            local.testCase_buildReadme_default(options, local.onErrorThrow);","            local.testCase_buildLib_default(options, local.onErrorThrow);","            local.testCase_buildTest_default(options, local.onErrorThrow);","            local.testCase_buildCustomOrg_default(options, local.onErrorThrow);","            options = [];","            local.buildApp(options, onError);","        };","","        local.testCase_buildCustomOrg_default = local.testCase_buildCustomOrg_default ||","            function (options, onError) {","            /*","             * this function will test buildCustomOrg's default handling-behavior","             */","                options = {};","                local.buildCustomOrg(options, onError);","            };","","        local.testCase_buildLib_default = local.testCase_buildLib_default || function (","            options,","            onError","        ) {","        /*","         * this function will test buildLib's default handling-behavior","         */","            options = {};","            local.buildLib(options, onError);","        };","","        local.testCase_buildReadme_default = local.testCase_buildReadme_default || function (","            options,","            onError","        ) {","        /*","         * this function will test buildReadme's default handling-behavior-behavior","         */","            options = {};","            local.buildReadme(options, onError);","        };","","        local.testCase_buildTest_default = local.testCase_buildTest_default || function (","            options,","            onError","        ) {","        /*","         * this function will test buildTest's default handling-behavior","         */","            options = {};","            local.buildTest(options, onError);","        };","","        local.testCase_webpage_default = local.testCase_webpage_default || function (","            options,","            onError","        ) {","        /*","         * this function will test webpage's default handling-behavior","         */","            options = { modeCoverageMerge: true, url: local.serverLocalHost + '?modeTest=1' };","            local.browserTest(options, onError);","        };","","        // run test-server","        local.testRunServer(local);","        break;","    }","}());",""],"l":{"12":2,"14":2,"19":2,"21":2,"23":2,"24":2,"25":2,"30":1,"37":2,"40":2,"43":1,"47":1,"50":1,"52":1,"55":2,"61":2,"62":2,"64":2,"70":1,"76":1,"82":2,"83":2,"85":2,"91":1,"98":1,"102":1,"105":1,"112":1,"119":1,"120":1,"123":1,"130":1,"131":1,"132":1,"133":1,"134":1,"135":1,"138":1,"143":2,"144":2,"147":1,"154":2,"155":2,"158":1,"165":2,"166":2,"169":1,"176":2,"177":2,"180":1,"187":1,"188":1,"192":1,"193":1}},"/home/travis/build/npmtest/node-npmtest-prompt/lib.npmtest_prompt.js":{"path":"/home/travis/build/npmtest/node-npmtest-prompt/lib.npmtest_prompt.js","s":{"1":2,"2":2,"3":2,"4":2,"5":2,"6":2,"7":2,"8":1,"9":2,"10":2,"11":2,"12":2,"13":1,"14":1,"15":1,"16":1},"b":{"1":[2,1,1,1],"2":[1,1,1,1],"3":[1,1],"4":[2,2],"5":[1,1]},"f":{"1":2,"2":2,"3":2},"fnMap":{"1":{"name":"(anonymous_1)","line":12,"loc":{"start":{"line":12,"column":1},"end":{"line":12,"column":13}}},"2":{"name":"(anonymous_2)","line":19,"loc":{"start":{"line":19,"column":5},"end":{"line":19,"column":17}}},"3":{"name":"(anonymous_3)","line":23,"loc":{"start":{"line":23,"column":24},"end":{"line":23,"column":36}}}},"statementMap":{"1":{"start":{"line":12,"column":0},"end":{"line":53,"column":5}},"2":{"start":{"line":14,"column":4},"end":{"line":14,"column":14}},"3":{"start":{"line":19,"column":4},"end":{"line":52,"column":9}},"4":{"start":{"line":21,"column":8},"end":{"line":21,"column":19}},"5":{"start":{"line":23,"column":8},"end":{"line":35,"column":13}},"6":{"start":{"line":24,"column":12},"end":{"line":34,"column":13}},"7":{"start":{"line":25,"column":16},"end":{"line":28,"column":30}},"8":{"start":{"line":30,"column":16},"end":{"line":33,"column":27}},"9":{"start":{"line":37,"column":8},"end":{"line":39,"column":21}},"10":{"start":{"line":41,"column":8},"end":{"line":41,"column":54}},"11":{"start":{"line":43,"column":8},"end":{"line":43,"column":51}},"12":{"start":{"line":45,"column":8},"end":{"line":51,"column":9}},"13":{"start":{"line":46,"column":12},"end":{"line":46,"column":57}},"14":{"start":{"line":48,"column":12},"end":{"line":48,"column":35}},"15":{"start":{"line":49,"column":12},"end":{"line":49,"column":49}},"16":{"start":{"line":50,"column":12},"end":{"line":50,"column":43}}},"branchMap":{"1":{"line":25,"type":"binary-expr","locations":[{"start":{"line":25,"column":23},"end":{"line":25,"column":62}},{"start":{"line":26,"column":20},"end":{"line":26,"column":70}},{"start":{"line":27,"column":20},"end":{"line":27,"column":71}},{"start":{"line":28,"column":20},"end":{"line":28,"column":29}}]},"2":{"line":30,"type":"binary-expr","locations":[{"start":{"line":30,"column":23},"end":{"line":30,"column":37}},{"start":{"line":31,"column":20},"end":{"line":31,"column":61}},{"start":{"line":32,"column":20},"end":{"line":32,"column":70}},{"start":{"line":33,"column":20},"end":{"line":33,"column":26}}]},"3":{"line":37,"type":"cond-expr","locations":[{"start":{"line":38,"column":14},"end":{"line":38,"column":20}},{"start":{"line":39,"column":14},"end":{"line":39,"column":20}}]},"4":{"line":41,"type":"binary-expr","locations":[{"start":{"line":41,"column":16},"end":{"line":41,"column":44}},{"start":{"line":41,"column":48},"end":{"line":41,"column":53}}]},"5":{"line":45,"type":"if","locations":[{"start":{"line":45,"column":8},"end":{"line":45,"column":8}},{"start":{"line":45,"column":8},"end":{"line":45,"column":8}}]}},"code":["/* istanbul instrument in package npmtest_prompt */","/*jslint","    bitwise: true,","    browser: true,","    maxerr: 8,","    maxlen: 96,","    node: true,","    nomen: true,","    regexp: true,","    stupid: true","*/","(function () {","    'use strict';","    var local;","","","","    // run shared js-env code - pre-init","    (function () {","        // init local","        local = {};","        // init modeJs","        local.modeJs = (function () {","            try {","                return typeof navigator.userAgent === 'string' &&","                    typeof document.querySelector('body') === 'object' &&","                    typeof XMLHttpRequest.prototype.open === 'function' &&","                    'browser';","            } catch (errorCaughtBrowser) {","                return module.exports &&","                    typeof process.versions.node === 'string' &&","                    typeof require('http').createServer === 'function' &&","                    'node';","            }","        }());","        // init global","        local.global = local.modeJs === 'browser'","            ? window","            : global;","        // init utility2_rollup","        local = local.global.utility2_rollup || local;","        // init lib","        local.local = local.npmtest_prompt = local;","        // init exports","        if (local.modeJs === 'browser') {","            local.global.utility2_npmtest_prompt = local;","        } else {","            module.exports = local;","            module.exports.__dirname = __dirname;","            module.exports.module = module;","        }","    }());","}());",""],"l":{"12":2,"14":2,"19":2,"21":2,"23":2,"24":2,"25":2,"30":1,"37":2,"41":2,"43":2,"45":2,"46":1,"48":1,"49":1,"50":1}},"/home/travis/build/npmtest/node-npmtest-prompt/example.js":{"path":"/home/travis/build/npmtest/node-npmtest-prompt/example.js","s":{"1":2,"2":2,"3":2,"4":2,"5":2,"6":2,"7":2,"8":1,"9":2,"10":2,"11":2,"12":2,"13":1,"14":2,"15":2,"16":2,"17":2,"18":2,"19":0,"20":2,"21":1,"22":1,"23":1,"24":1,"25":1,"26":0,"27":0,"28":1,"29":1,"30":2,"31":0,"32":0,"33":0,"34":1,"35":2,"36":2,"37":3,"38":3,"39":3,"40":3,"41":0,"42":3,"43":3,"44":3,"45":1,"46":3,"47":1,"48":1,"49":1,"50":1,"51":1,"52":1,"53":1,"54":1,"55":1,"56":1,"57":0,"58":1,"59":6,"60":6,"61":1,"62":2,"63":0,"64":2,"65":1,"66":1,"67":0,"68":0,"69":0,"70":0,"71":0,"72":0,"73":0,"74":0,"75":0,"76":0,"77":0,"78":0,"79":0,"80":0,"81":0,"82":0,"83":0},"b":{"1":[2,1,1,1],"2":[1,1,1,1],"3":[1,1],"4":[2,2],"5":[1,1],"6":[1,1],"7":[2,0],"8":[2,1,1,1,1,1],"9":[0,2,0],"10":[1,1],"11":[2,1,1],"12":[1,0],"13":[0,2],"14":[2,0,0,0,0,0,0],"15":[0,3],"16":[3,0],"17":[1,1],"18":[0,1],"19":[1,2,0,2],"20":[1,0],"21":[1,1],"22":[0,0],"23":[0,0],"24":[0,0],"25":[0,0],"26":[0,0],"27":[0,0],"28":[0,0]},"f":{"1":2,"2":2,"3":2,"4":2,"5":2,"6":2,"7":3,"8":3,"9":3,"10":1,"11":6,"12":0},"fnMap":{"1":{"name":"(anonymous_1)","line":26,"loc":{"start":{"line":26,"column":1},"end":{"line":26,"column":13}}},"2":{"name":"(anonymous_2)","line":33,"loc":{"start":{"line":33,"column":5},"end":{"line":33,"column":17}}},"3":{"name":"(anonymous_3)","line":37,"loc":{"start":{"line":37,"column":24},"end":{"line":37,"column":36}}},"4":{"name":"(anonymous_4)","line":69,"loc":{"start":{"line":69,"column":31},"end":{"line":69,"column":48}},"skip":true},"5":{"name":"(anonymous_5)","line":78,"loc":{"start":{"line":78,"column":26},"end":{"line":78,"column":45}},"skip":true},"6":{"name":"(anonymous_6)","line":123,"loc":{"start":{"line":123,"column":33},"end":{"line":123,"column":48}},"skip":true},"7":{"name":"(anonymous_7)","line":125,"loc":{"start":{"line":125,"column":27},"end":{"line":125,"column":39}},"skip":true},"8":{"name":"(anonymous_8)","line":133,"loc":{"start":{"line":133,"column":59},"end":{"line":133,"column":74}},"skip":true},"9":{"name":"(anonymous_9)","line":143,"loc":{"start":{"line":143,"column":45},"end":{"line":143,"column":62}},"skip":true},"10":{"name":"(anonymous_10)","line":144,"loc":{"start":{"line":144,"column":73},"end":{"line":144,"column":92}},"skip":true},"11":{"name":"(anonymous_11)","line":272,"loc":{"start":{"line":272,"column":51},"end":{"line":272,"column":77}},"skip":true},"12":{"name":"(anonymous_12)","line":315,"loc":{"start":{"line":315,"column":32},"end":{"line":315,"column":61}},"skip":true}},"statementMap":{"1":{"start":{"line":26,"column":0},"end":{"line":326,"column":5}},"2":{"start":{"line":28,"column":4},"end":{"line":28,"column":14}},"3":{"start":{"line":33,"column":4},"end":{"line":60,"column":9}},"4":{"start":{"line":35,"column":8},"end":{"line":35,"column":19}},"5":{"start":{"line":37,"column":8},"end":{"line":49,"column":13}},"6":{"start":{"line":38,"column":12},"end":{"line":48,"column":13}},"7":{"start":{"line":39,"column":16},"end":{"line":42,"column":30}},"8":{"start":{"line":44,"column":16},"end":{"line":47,"column":27}},"9":{"start":{"line":51,"column":8},"end":{"line":53,"column":21}},"10":{"start":{"line":55,"column":8},"end":{"line":57,"column":45}},"11":{"start":{"line":59,"column":8},"end":{"line":59,"column":35}},"12":{"start":{"line":61,"column":4},"end":{"line":325,"column":5}},"13":{"start":{"line":69,"column":8},"end":{"line":121,"column":10},"skip":true},"14":{"start":{"line":70,"column":12},"end":{"line":88,"column":13},"skip":true},"15":{"start":{"line":76,"column":16},"end":{"line":87,"column":19},"skip":true},"16":{"start":{"line":79,"column":20},"end":{"line":86,"column":21},"skip":true},"17":{"start":{"line":82,"column":24},"end":{"line":82,"column":43},"skip":true},"18":{"start":{"line":83,"column":24},"end":{"line":83,"column":30},"skip":true},"19":{"start":{"line":85,"column":24},"end":{"line":85,"column":49},"skip":true},"20":{"start":{"line":89,"column":12},"end":{"line":107,"column":13},"skip":true},"21":{"start":{"line":92,"column":16},"end":{"line":102,"column":17},"skip":true},"22":{"start":{"line":93,"column":20},"end":{"line":93,"column":86},"skip":true},"23":{"start":{"line":94,"column":20},"end":{"line":95,"column":45},"skip":true},"24":{"start":{"line":96,"column":20},"end":{"line":96,"column":42},"skip":true},"25":{"start":{"line":97,"column":20},"end":{"line":97,"column":48},"skip":true},"26":{"start":{"line":100,"column":20},"end":{"line":100,"column":85},"skip":true},"27":{"start":{"line":101,"column":20},"end":{"line":101,"column":96},"skip":true},"28":{"start":{"line":103,"column":16},"end":{"line":103,"column":22},"skip":true},"29":{"start":{"line":106,"column":16},"end":{"line":106,"column":22},"skip":true},"30":{"start":{"line":108,"column":12},"end":{"line":120,"column":13},"skip":true},"31":{"start":{"line":114,"column":16},"end":{"line":119,"column":17},"skip":true},"32":{"start":{"line":116,"column":20},"end":{"line":116,"column":78},"skip":true},"33":{"start":{"line":118,"column":20},"end":{"line":118,"column":47},"skip":true},"34":{"start":{"line":123,"column":8},"end":{"line":141,"column":11},"skip":true},"35":{"start":{"line":124,"column":12},"end":{"line":124,"column":54},"skip":true},"36":{"start":{"line":125,"column":12},"end":{"line":140,"column":14},"skip":true},"37":{"start":{"line":126,"column":16},"end":{"line":126,"column":28},"skip":true},"38":{"start":{"line":127,"column":16},"end":{"line":127,"column":69},"skip":true},"39":{"start":{"line":128,"column":16},"end":{"line":128,"column":75},"skip":true},"40":{"start":{"line":129,"column":16},"end":{"line":131,"column":17},"skip":true},"41":{"start":{"line":130,"column":20},"end":{"line":130,"column":27},"skip":true},"42":{"start":{"line":133,"column":16},"end":{"line":137,"column":36},"skip":true},"43":{"start":{"line":134,"column":20},"end":{"line":136,"column":55},"skip":true},"44":{"start":{"line":139,"column":16},"end":{"line":139,"column":57},"skip":true},"45":{"start":{"line":143,"column":8},"end":{"line":147,"column":11},"skip":true},"46":{"start":{"line":144,"column":12},"end":{"line":146,"column":15},"skip":true},"47":{"start":{"line":145,"column":16},"end":{"line":145,"column":70},"skip":true},"48":{"start":{"line":149,"column":8},"end":{"line":149,"column":31},"skip":true},"49":{"start":{"line":150,"column":8},"end":{"line":150,"column":14},"skip":true},"50":{"start":{"line":158,"column":8},"end":{"line":158,"column":31},"skip":true},"51":{"start":{"line":160,"column":8},"end":{"line":160,"column":33},"skip":true},"52":{"start":{"line":161,"column":8},"end":{"line":161,"column":37},"skip":true},"53":{"start":{"line":162,"column":8},"end":{"line":162,"column":35},"skip":true},"54":{"start":{"line":164,"column":8},"end":{"line":164,"column":50},"skip":true},"55":{"start":{"line":166,"column":8},"end":{"line":256,"column":2},"skip":true},"56":{"start":{"line":258,"column":8},"end":{"line":286,"column":9},"skip":true},"57":{"start":{"line":259,"column":12},"end":{"line":269,"column":14},"skip":true},"58":{"start":{"line":271,"column":12},"end":{"line":285,"column":19},"skip":true},"59":{"start":{"line":274,"column":20},"end":{"line":274,"column":35},"skip":true},"60":{"start":{"line":275,"column":20},"end":{"line":284,"column":21},"skip":true},"61":{"start":{"line":277,"column":24},"end":{"line":277,"column":64},"skip":true},"62":{"start":{"line":279,"column":24},"end":{"line":279,"column":40},"skip":true},"63":{"start":{"line":281,"column":24},"end":{"line":281,"column":40},"skip":true},"64":{"start":{"line":283,"column":24},"end":{"line":283,"column":39},"skip":true},"65":{"start":{"line":288,"column":8},"end":{"line":290,"column":9},"skip":true},"66":{"start":{"line":289,"column":12},"end":{"line":289,"column":18},"skip":true},"67":{"start":{"line":291,"column":8},"end":{"line":293,"column":54},"skip":true},"68":{"start":{"line":296,"column":8},"end":{"line":301,"column":37},"skip":true},"69":{"start":{"line":303,"column":8},"end":{"line":303,"column":82},"skip":true},"70":{"start":{"line":306,"column":8},"end":{"line":308,"column":9},"skip":true},"71":{"start":{"line":307,"column":12},"end":{"line":307,"column":82},"skip":true},"72":{"start":{"line":310,"column":8},"end":{"line":312,"column":9},"skip":true},"73":{"start":{"line":311,"column":12},"end":{"line":311,"column":18},"skip":true},"74":{"start":{"line":313,"column":8},"end":{"line":313,"column":54},"skip":true},"75":{"start":{"line":314,"column":8},"end":{"line":314,"column":69},"skip":true},"76":{"start":{"line":315,"column":8},"end":{"line":323,"column":36},"skip":true},"77":{"start":{"line":316,"column":12},"end":{"line":316,"column":61},"skip":true},"78":{"start":{"line":317,"column":12},"end":{"line":320,"column":13},"skip":true},"79":{"start":{"line":318,"column":16},"end":{"line":318,"column":75},"skip":true},"80":{"start":{"line":319,"column":16},"end":{"line":319,"column":23},"skip":true},"81":{"start":{"line":321,"column":12},"end":{"line":321,"column":38},"skip":true},"82":{"start":{"line":322,"column":12},"end":{"line":322,"column":27},"skip":true},"83":{"start":{"line":324,"column":8},"end":{"line":324,"column":14},"skip":true}},"branchMap":{"1":{"line":39,"type":"binary-expr","locations":[{"start":{"line":39,"column":23},"end":{"line":39,"column":62}},{"start":{"line":40,"column":20},"end":{"line":40,"column":70}},{"start":{"line":41,"column":20},"end":{"line":41,"column":71}},{"start":{"line":42,"column":20},"end":{"line":42,"column":29}}]},"2":{"line":44,"type":"binary-expr","locations":[{"start":{"line":44,"column":23},"end":{"line":44,"column":37}},{"start":{"line":45,"column":20},"end":{"line":45,"column":61}},{"start":{"line":46,"column":20},"end":{"line":46,"column":70}},{"start":{"line":47,"column":20},"end":{"line":47,"column":26}}]},"3":{"line":51,"type":"cond-expr","locations":[{"start":{"line":52,"column":14},"end":{"line":52,"column":20}},{"start":{"line":53,"column":14},"end":{"line":53,"column":20}}]},"4":{"line":55,"type":"binary-expr","locations":[{"start":{"line":55,"column":16},"end":{"line":55,"column":44}},{"start":{"line":55,"column":49},"end":{"line":57,"column":43}}]},"5":{"line":55,"type":"cond-expr","locations":[{"start":{"line":56,"column":14},"end":{"line":56,"column":50}},{"start":{"line":57,"column":14},"end":{"line":57,"column":43}}]},"6":{"line":61,"type":"switch","locations":[{"start":{"line":68,"column":4},"end":{"line":150,"column":14},"skip":true},{"start":{"line":156,"column":4},"end":{"line":324,"column":14},"skip":true}]},"7":{"line":70,"type":"if","locations":[{"start":{"line":70,"column":12},"end":{"line":70,"column":12},"skip":true},{"start":{"line":70,"column":12},"end":{"line":70,"column":12},"skip":true}]},"8":{"line":70,"type":"binary-expr","locations":[{"start":{"line":70,"column":16},"end":{"line":70,"column":22},"skip":true},{"start":{"line":70,"column":27},"end":{"line":70,"column":32},"skip":true},{"start":{"line":71,"column":20},"end":{"line":71,"column":39},"skip":true},{"start":{"line":72,"column":20},"end":{"line":72,"column":49},"skip":true},{"start":{"line":73,"column":20},"end":{"line":73,"column":58},"skip":true},{"start":{"line":74,"column":20},"end":{"line":74,"column":69},"skip":true}]},"9":{"line":79,"type":"switch","locations":[{"start":{"line":80,"column":20},"end":{"line":80,"column":33},"skip":true},{"start":{"line":81,"column":20},"end":{"line":83,"column":30},"skip":true},{"start":{"line":84,"column":20},"end":{"line":85,"column":49},"skip":true}]},"10":{"line":89,"type":"switch","locations":[{"start":{"line":90,"column":12},"end":{"line":103,"column":22},"skip":true},{"start":{"line":105,"column":12},"end":{"line":106,"column":22},"skip":true}]},"11":{"line":89,"type":"binary-expr","locations":[{"start":{"line":89,"column":20},"end":{"line":89,"column":25},"skip":true},{"start":{"line":89,"column":29},"end":{"line":89,"column":48},"skip":true},{"start":{"line":89,"column":52},"end":{"line":89,"column":74},"skip":true}]},"12":{"line":92,"type":"if","locations":[{"start":{"line":92,"column":16},"end":{"line":92,"column":16},"skip":true},{"start":{"line":92,"column":16},"end":{"line":92,"column":16},"skip":true}]},"13":{"line":108,"type":"if","locations":[{"start":{"line":108,"column":12},"end":{"line":108,"column":12},"skip":true},{"start":{"line":108,"column":12},"end":{"line":108,"column":12},"skip":true}]},"14":{"line":108,"type":"binary-expr","locations":[{"start":{"line":108,"column":16},"end":{"line":108,"column":61},"skip":true},{"start":{"line":108,"column":66},"end":{"line":108,"column":72},"skip":true},{"start":{"line":108,"column":77},"end":{"line":108,"column":82},"skip":true},{"start":{"line":109,"column":20},"end":{"line":109,"column":39},"skip":true},{"start":{"line":110,"column":20},"end":{"line":110,"column":49},"skip":true},{"start":{"line":111,"column":20},"end":{"line":111,"column":58},"skip":true},{"start":{"line":112,"column":20},"end":{"line":112,"column":68},"skip":true}]},"15":{"line":129,"type":"if","locations":[{"start":{"line":129,"column":16},"end":{"line":129,"column":16},"skip":true},{"start":{"line":129,"column":16},"end":{"line":129,"column":16},"skip":true}]},"16":{"line":134,"type":"cond-expr","locations":[{"start":{"line":135,"column":26},"end":{"line":135,"column":29},"skip":true},{"start":{"line":136,"column":26},"end":{"line":136,"column":54},"skip":true}]},"17":{"line":164,"type":"binary-expr","locations":[{"start":{"line":164,"column":27},"end":{"line":164,"column":43},"skip":true},{"start":{"line":164,"column":47},"end":{"line":164,"column":49},"skip":true}]},"18":{"line":258,"type":"if","locations":[{"start":{"line":258,"column":8},"end":{"line":258,"column":8},"skip":true},{"start":{"line":258,"column":8},"end":{"line":258,"column":8},"skip":true}]},"19":{"line":275,"type":"switch","locations":[{"start":{"line":276,"column":20},"end":{"line":277,"column":64},"skip":true},{"start":{"line":278,"column":20},"end":{"line":279,"column":40},"skip":true},{"start":{"line":280,"column":20},"end":{"line":281,"column":40},"skip":true},{"start":{"line":282,"column":20},"end":{"line":283,"column":39},"skip":true}]},"20":{"line":288,"type":"if","locations":[{"start":{"line":288,"column":8},"end":{"line":288,"column":8},"skip":true},{"start":{"line":288,"column":8},"end":{"line":288,"column":8},"skip":true}]},"21":{"line":288,"type":"binary-expr","locations":[{"start":{"line":288,"column":12},"end":{"line":288,"column":40},"skip":true},{"start":{"line":288,"column":44},"end":{"line":288,"column":67},"skip":true}]},"22":{"line":292,"type":"binary-expr","locations":[{"start":{"line":292,"column":12},"end":{"line":292,"column":50},"skip":true},{"start":{"line":293,"column":12},"end":{"line":293,"column":53},"skip":true}]},"23":{"line":297,"type":"binary-expr","locations":[{"start":{"line":297,"column":12},"end":{"line":297,"column":64},"skip":true},{"start":{"line":298,"column":12},"end":{"line":301,"column":36},"skip":true}]},"24":{"line":303,"type":"binary-expr","locations":[{"start":{"line":303,"column":43},"end":{"line":303,"column":75},"skip":true},{"start":{"line":303,"column":79},"end":{"line":303,"column":81},"skip":true}]},"25":{"line":306,"type":"if","locations":[{"start":{"line":306,"column":8},"end":{"line":306,"column":8},"skip":true},{"start":{"line":306,"column":8},"end":{"line":306,"column":8},"skip":true}]},"26":{"line":310,"type":"if","locations":[{"start":{"line":310,"column":8},"end":{"line":310,"column":8},"skip":true},{"start":{"line":310,"column":8},"end":{"line":310,"column":8},"skip":true}]},"27":{"line":313,"type":"binary-expr","locations":[{"start":{"line":313,"column":27},"end":{"line":313,"column":43},"skip":true},{"start":{"line":313,"column":47},"end":{"line":313,"column":53},"skip":true}]},"28":{"line":317,"type":"if","locations":[{"start":{"line":317,"column":12},"end":{"line":317,"column":12},"skip":true},{"start":{"line":317,"column":12},"end":{"line":317,"column":12},"skip":true}]}},"code":["/*","example.js","","quickstart example","","instruction","    1. save this script as example.js","    2. run the shell command:","        $ npm install npmtest-prompt && PORT=8081 node example.js","    3. play with the browser-demo on http://127.0.0.1:8081","*/","","","","/* istanbul instrument in package npmtest_prompt */","/*jslint","    bitwise: true,","    browser: true,","    maxerr: 8,","    maxlen: 96,","    node: true,","    nomen: true,","    regexp: true,","    stupid: true","*/","(function () {","    'use strict';","    var local;","","","","    // run shared js-env code - pre-init","    (function () {","        // init local","        local = {};","        // init modeJs","        local.modeJs = (function () {","            try {","                return typeof navigator.userAgent === 'string' &&","                    typeof document.querySelector('body') === 'object' &&","                    typeof XMLHttpRequest.prototype.open === 'function' &&","                    'browser';","            } catch (errorCaughtBrowser) {","                return module.exports &&","                    typeof process.versions.node === 'string' &&","                    typeof require('http').createServer === 'function' &&","                    'node';","            }","        }());","        // init global","        local.global = local.modeJs === 'browser'","            ? window","            : global;","        // init utility2_rollup","        local = local.global.utility2_rollup || (local.modeJs === 'browser'","            ? local.global.utility2_npmtest_prompt","            : global.utility2_moduleExports);","        // export local","        local.global.local = local;","    }());","    switch (local.modeJs) {","","","","    // post-init","    // run browser js-env code - post-init","    /* istanbul ignore next */","    case 'browser':","        local.testRunBrowser = function (event) {","            if (!event || (event &&","                    event.currentTarget &&","                    event.currentTarget.className &&","                    event.currentTarget.className.includes &&","                    event.currentTarget.className.includes('onreset'))) {","                // reset output","                Array.from(","                    document.querySelectorAll('body > .resettable')","                ).forEach(function (element) {","                    switch (element.tagName) {","                    case 'INPUT':","                    case 'TEXTAREA':","                        element.value = '';","                        break;","                    default:","                        element.textContent = '';","                    }","                });","            }","            switch (event && event.currentTarget && event.currentTarget.id) {","            case 'testRunButton1':","                // show tests","                if (document.querySelector('#testReportDiv1').style.display === 'none') {","                    document.querySelector('#testReportDiv1').style.display = 'block';","                    document.querySelector('#testRunButton1').textContent =","                        'hide internal test';","                    local.modeTest = true;","                    local.testRunDefault(local);","                // hide tests","                } else {","                    document.querySelector('#testReportDiv1').style.display = 'none';","                    document.querySelector('#testRunButton1').textContent = 'run internal test';","                }","                break;","            // custom-case","            default:","                break;","            }","            if (document.querySelector('#inputTextareaEval1') && (!event || (event &&","                    event.currentTarget &&","                    event.currentTarget.className &&","                    event.currentTarget.className.includes &&","                    event.currentTarget.className.includes('oneval')))) {","                // try to eval input-code","                try {","                    /*jslint evil: true*/","                    eval(document.querySelector('#inputTextareaEval1').value);","                } catch (errorCaught) {","                    console.error(errorCaught);","                }","            }","        };","        // log stderr and stdout to #outputTextareaStdout1","        ['error', 'log'].forEach(function (key) {","            console[key + '_original'] = console[key];","            console[key] = function () {","                var element;","                console[key + '_original'].apply(console, arguments);","                element = document.querySelector('#outputTextareaStdout1');","                if (!element) {","                    return;","                }","                // append text to #outputTextareaStdout1","                element.value += Array.from(arguments).map(function (arg) {","                    return typeof arg === 'string'","                        ? arg","                        : JSON.stringify(arg, null, 4);","                }).join(' ') + '\\n';","                // scroll textarea to bottom","                element.scrollTop = element.scrollHeight;","            };","        });","        // init event-handling","        ['change', 'click', 'keyup'].forEach(function (event) {","            Array.from(document.querySelectorAll('.on' + event)).forEach(function (element) {","                element.addEventListener(event, local.testRunBrowser);","            });","        });","        // run tests","        local.testRunBrowser();","        break;","","","","    // run node js-env code - post-init","    /* istanbul ignore next */","    case 'node':","        // export local","        module.exports = local;","        // require modules","        local.fs = require('fs');","        local.http = require('http');","        local.url = require('url');","        // init assets","        local.assetsDict = local.assetsDict || {};","        /* jslint-ignore-begin */","        local.assetsDict['/assets.index.template.html'] = '\\","<!doctype html>\\n\\","<html lang=\"en\">\\n\\","<head>\\n\\","<meta charset=\"UTF-8\">\\n\\","<meta name=\"viewport\" content=\"width=device-width, initial-scale=1\">\\n\\","<title>{{env.npm_package_name}} (v{{env.npm_package_version}})</title>\\n\\","<style>\\n\\","/*csslint\\n\\","    box-sizing: false,\\n\\","    universal-selector: false\\n\\","*/\\n\\","* {\\n\\","    box-sizing: border-box;\\n\\","}\\n\\","body {\\n\\","    background: #dde;\\n\\","    font-family: Arial, Helvetica, sans-serif;\\n\\","    margin: 2rem;\\n\\","}\\n\\","body > * {\\n\\","    margin-bottom: 1rem;\\n\\","}\\n\\",".utility2FooterDiv {\\n\\","    margin-top: 20px;\\n\\","    text-align: center;\\n\\","}\\n\\","</style>\\n\\","<style>\\n\\","/*csslint\\n\\","*/\\n\\","textarea {\\n\\","    font-family: monospace;\\n\\","    height: 10rem;\\n\\","    width: 100%;\\n\\","}\\n\\","textarea[readonly] {\\n\\","    background: #ddd;\\n\\","}\\n\\","</style>\\n\\","</head>\\n\\","<body>\\n\\","<!-- utility2-comment\\n\\","<div id=\"ajaxProgressDiv1\" style=\"background: #d00; height: 2px; left: 0; margin: 0; padding: 0; position: fixed; top: 0; transition: background 0.5s, width 1.5s; width: 25%;\"></div>\\n\\","utility2-comment -->\\n\\","<h1>\\n\\","<!-- utility2-comment\\n\\","    <a\\n\\","        {{#if env.npm_package_homepage}}\\n\\","        href=\"{{env.npm_package_homepage}}\"\\n\\","        {{/if env.npm_package_homepage}}\\n\\","        target=\"_blank\"\\n\\","    >\\n\\","utility2-comment -->\\n\\","        {{env.npm_package_name}} (v{{env.npm_package_version}})\\n\\","<!-- utility2-comment\\n\\","    </a>\\n\\","utility2-comment -->\\n\\","</h1>\\n\\","<h3>{{env.npm_package_description}}</h3>\\n\\","<!-- utility2-comment\\n\\","<h4><a download href=\"assets.app.js\">download standalone app</a></h4>\\n\\","<button class=\"onclick onreset\" id=\"testRunButton1\">run internal test</button><br>\\n\\","<div id=\"testReportDiv1\" style=\"display: none;\"></div>\\n\\","utility2-comment -->\\n\\","\\n\\","\\n\\","\\n\\","<label>stderr and stdout</label>\\n\\","<textarea class=\"resettable\" id=\"outputTextareaStdout1\" readonly></textarea>\\n\\","<!-- utility2-comment\\n\\","{{#if isRollup}}\\n\\","<script src=\"assets.app.js\"></script>\\n\\","{{#unless isRollup}}\\n\\","utility2-comment -->\\n\\","<script src=\"assets.utility2.rollup.js\"></script>\\n\\","<script src=\"jsonp.utility2._stateInit?callback=window.utility2._stateInit\"></script>\\n\\","<script src=\"assets.npmtest_prompt.rollup.js\"></script>\\n\\","<script src=\"assets.example.js\"></script>\\n\\","<script src=\"assets.test.js\"></script>\\n\\","<!-- utility2-comment\\n\\","{{/if isRollup}}\\n\\","utility2-comment -->\\n\\","<div class=\"utility2FooterDiv\">\\n\\","    [ this app was created with\\n\\","    <a href=\"https://github.com/kaizhu256/node-utility2\" target=\"_blank\">utility2</a>\\n\\","    ]\\n\\","</div>\\n\\","</body>\\n\\","</html>\\n\\","';","        /* jslint-ignore-end */","        if (local.templateRender) {","            local.assetsDict['/'] = local.templateRender(","                local.assetsDict['/assets.index.template.html'],","                {","                    env: local.objectSetDefault(local.env, {","                        npm_package_description: 'the greatest app in the world!',","                        npm_package_name: 'my-app',","                        npm_package_nameAlias: 'my_app',","                        npm_package_version: '0.0.1'","                    })","                }","            );","        } else {","            local.assetsDict['/'] = local.assetsDict['/assets.index.template.html']","                .replace((/\\{\\{env\\.(\\w+?)\\}\\}/g), function (match0, match1) {","                    // jslint-hack","                    String(match0);","                    switch (match1) {","                    case 'npm_package_description':","                        return 'the greatest app in the world!';","                    case 'npm_package_name':","                        return 'my-app';","                    case 'npm_package_nameAlias':","                        return 'my_app';","                    case 'npm_package_version':","                        return '0.0.1';","                    }","                });","        }","        // run the cli","        if (local.global.utility2_rollup || module !== require.main) {","            break;","        }","        local.assetsDict['/assets.example.js'] =","            local.assetsDict['/assets.example.js'] ||","            local.fs.readFileSync(__filename, 'utf8');","        // bug-workaround - long $npm_package_buildCustomOrg","        /* jslint-ignore-begin */","        local.assetsDict['/assets.npmtest_prompt.rollup.js'] =","            local.assetsDict['/assets.npmtest_prompt.rollup.js'] ||","            local.fs.readFileSync(","                local.npmtest_prompt.__dirname + '/lib.npmtest_prompt.js',","                'utf8'","            ).replace((/^#!/), '//');","        /* jslint-ignore-end */","        local.assetsDict['/favicon.ico'] = local.assetsDict['/favicon.ico'] || '';","        // if $npm_config_timeout_exit exists,","        // then exit this process after $npm_config_timeout_exit ms","        if (Number(process.env.npm_config_timeout_exit)) {","            setTimeout(process.exit, Number(process.env.npm_config_timeout_exit));","        }","        // start server","        if (local.global.utility2_serverHttp1) {","            break;","        }","        process.env.PORT = process.env.PORT || '8081';","        console.error('server starting on port ' + process.env.PORT);","        local.http.createServer(function (request, response) {","            request.urlParsed = local.url.parse(request.url);","            if (local.assetsDict[request.urlParsed.pathname] !== undefined) {","                response.end(local.assetsDict[request.urlParsed.pathname]);","                return;","            }","            response.statusCode = 404;","            response.end();","        }).listen(process.env.PORT);","        break;","    }","}());",""],"l":{"26":2,"28":2,"33":2,"35":2,"37":2,"38":2,"39":2,"44":1,"51":2,"55":2,"59":2,"61":2,"69":1,"70":2,"76":2,"79":2,"82":2,"83":2,"85":1,"89":2,"92":1,"93":1,"94":1,"96":1,"97":1,"100":1,"101":1,"103":1,"106":1,"108":2,"114":1,"116":1,"118":1,"123":1,"124":2,"125":2,"126":3,"127":3,"128":3,"129":3,"130":1,"133":3,"134":3,"139":3,"143":1,"144":3,"145":1,"149":1,"150":1,"158":1,"160":1,"161":1,"162":1,"164":1,"166":1,"258":1,"259":1,"271":1,"274":6,"275":6,"277":1,"279":2,"281":1,"283":2,"288":1,"289":1,"291":1,"296":1,"303":1,"306":1,"307":1,"310":1,"311":1,"313":1,"314":1,"315":1,"316":1,"317":1,"318":1,"319":1,"321":1,"322":1,"324":1}},"/home/travis/build/npmtest/node-npmtest-prompt/node_modules/prompt/lib/prompt.js":{"path":"/home/travis/build/npmtest/node-npmtest-prompt/node_modules/prompt/lib/prompt.js","s":{"1":1,"2":1,"3":0,"4":0,"5":0,"6":0,"7":0,"8":0,"9":1,"10":1,"11":1,"12":1,"13":1,"14":1,"15":1,"16":1,"17":1,"18":1,"19":1,"20":1,"21":1,"22":1,"23":0,"24":0,"25":0,"26":0,"27":0,"28":0,"29":0,"30":0,"31":0,"32":0,"33":0,"34":0,"35":0,"36":0,"37":0,"38":0,"39":0,"40":0,"41":1,"42":0,"43":0,"44":0,"45":0,"46":0,"47":0,"48":1,"49":0,"50":0,"51":0,"52":0,"53":0,"54":0,"55":0,"56":0,"57":1,"58":0,"59":0,"60":0,"61":0,"62":0,"63":0,"64":1,"65":0,"66":0,"67":0,"68":0,"69":0,"70":0,"71":0,"72":0,"73":1,"74":1,"75":0,"76":0,"77":0,"78":0,"79":0,"80":0,"81":0,"82":0,"83":0,"84":1,"85":0,"86":0,"87":0,"88":0,"89":0,"90":0,"91":0,"92":0,"93":0,"94":0,"95":0,"96":0,"97":0,"98":0,"99":0,"100":0,"101":0,"102":0,"103":0,"104":1,"105":0,"106":0,"107":0,"108":0,"109":0,"110":1,"111":0,"112":0,"113":0,"114":0,"115":0,"116":0,"117":0,"118":0,"119":0,"120":0,"121":0,"122":0,"123":0,"124":0,"125":0,"126":0,"127":1,"128":0,"129":1,"130":0,"131":0,"132":0,"133":0,"134":0,"135":1,"136":1,"137":0,"138":0,"139":0,"140":0,"141":0,"142":0,"143":0,"144":0,"145":0,"146":0,"147":0,"148":0,"149":0,"150":0,"151":0,"152":0,"153":0,"154":0,"155":0,"156":0,"157":0,"158":0,"159":0,"160":0,"161":0,"162":0,"163":0,"164":0,"165":0,"166":0,"167":0,"168":0,"169":0,"170":0,"171":0,"172":0,"173":0,"174":0,"175":0,"176":0,"177":0,"178":0,"179":0,"180":0,"181":0,"182":0,"183":0,"184":0,"185":0,"186":0,"187":0,"188":0,"189":0,"190":0,"191":0,"192":0,"193":0,"194":0,"195":0,"196":0,"197":0,"198":0,"199":0,"200":0,"201":0,"202":0,"203":0,"204":0,"205":0,"206":0,"207":0,"208":0,"209":0,"210":0,"211":0,"212":0,"213":0,"214":0,"215":0,"216":0,"217":0,"218":0,"219":1,"220":0,"221":0,"222":0,"223":0,"224":0,"225":0,"226":0,"227":0,"228":0,"229":0,"230":0,"231":0,"232":0,"233":1,"234":0,"235":0,"236":0,"237":0,"238":0,"239":0,"240":0,"241":0,"242":0,"243":1,"244":0,"245":0,"246":0,"247":0,"248":0,"249":0,"250":0,"251":0,"252":0,"253":0,"254":0,"255":1,"256":0,"257":0,"258":0,"259":1,"260":0,"261":0,"262":0,"263":0,"264":0,"265":0,"266":0,"267":0,"268":0,"269":0,"270":0,"271":0,"272":0,"273":0,"274":0,"275":0,"276":0,"277":0},"b":{"1":[0,0],"2":[0,0],"3":[0,0],"4":[0,0],"5":[0,0],"6":[0,0],"7":[0,0],"8":[0,0],"9":[0,0],"10":[0,0],"11":[0,0],"12":[0,0],"13":[0,0,0],"14":[0,0],"15":[0,0],"16":[0,0],"17":[0,0],"18":[0,0],"19":[0,0],"20":[0,0],"21":[0,0],"22":[0,0],"23":[0,0],"24":[0,0],"25":[0,0],"26":[0,0],"27":[0,0],"28":[0,0],"29":[0,0],"30":[0,0],"31":[0,0],"32":[0,0],"33":[0,0],"34":[0,0],"35":[0,0],"36":[0,0],"37":[0,0],"38":[0,0],"39":[0,0],"40":[0,0],"41":[0,0],"42":[0,0],"43":[0,0],"44":[0,0],"45":[0,0],"46":[0,0],"47":[0,0],"48":[0,0],"49":[0,0],"50":[0,0],"51":[0,0],"52":[0,0],"53":[0,0],"54":[0,0],"55":[0,0,0],"56":[0,0],"57":[0,0,0],"58":[0,0],"59":[0,0],"60":[0,0,0],"61":[0,0],"62":[0,0],"63":[0,0],"64":[0,0],"65":[0,0],"66":[0,0],"67":[0,0],"68":[0,0],"69":[0,0],"70":[0,0,0,0],"71":[0,0],"72":[0,0],"73":[0,0],"74":[0,0],"75":[0,0],"76":[0,0],"77":[0,0],"78":[0,0],"79":[0,0],"80":[0,0],"81":[0,0],"82":[0,0],"83":[0,0],"84":[0,0],"85":[0,0],"86":[0,0],"87":[0,0],"88":[0,0],"89":[0,0],"90":[0,0],"91":[0,0],"92":[0,0],"93":[0,0],"94":[0,0],"95":[0,0],"96":[0,0],"97":[0,0],"98":[0,0],"99":[0,0],"100":[0,0],"101":[0,0],"102":[0,0],"103":[0,0],"104":[0,0],"105":[0,0],"106":[0,0],"107":[0,0],"108":[0,0],"109":[0,0],"110":[0,0],"111":[0,0],"112":[0,0,0,0],"113":[0,0],"114":[0,0]},"f":{"1":0,"2":0,"3":0,"4":0,"5":0,"6":0,"7":0,"8":0,"9":0,"10":0,"11":0,"12":0,"13":0,"14":0,"15":0,"16":0,"17":0,"18":0,"19":0,"20":0,"21":0,"22":0,"23":0,"24":0,"25":0,"26":0,"27":0,"28":0,"29":0,"30":0,"31":0,"32":0,"33":0,"34":0,"35":0,"36":0,"37":0},"fnMap":{"1":{"name":"(anonymous_1)","line":21,"loc":{"start":{"line":21,"column":41},"end":{"line":21,"column":66}}},"2":{"name":"(anonymous_2)","line":70,"loc":{"start":{"line":70,"column":15},"end":{"line":70,"column":34}}},"3":{"name":"(anonymous_3)","line":91,"loc":{"start":{"line":91,"column":25},"end":{"line":91,"column":37}}},"4":{"name":"(anonymous_4)","line":107,"loc":{"start":{"line":107,"column":15},"end":{"line":107,"column":27}}},"5":{"name":"(anonymous_5)","line":122,"loc":{"start":{"line":122,"column":14},"end":{"line":122,"column":26}}},"6":{"name":"(anonymous_6)","line":139,"loc":{"start":{"line":139,"column":16},"end":{"line":139,"column":28}}},"7":{"name":"(anonymous_7)","line":156,"loc":{"start":{"line":156,"column":17},"end":{"line":156,"column":35}}},"8":{"name":"(anonymous_8)","line":161,"loc":{"start":{"line":161,"column":26},"end":{"line":161,"column":42}}},"9":{"name":"(anonymous_9)","line":171,"loc":{"start":{"line":171,"column":24},"end":{"line":171,"column":40}}},"10":{"name":"(anonymous_10)","line":184,"loc":{"start":{"line":184,"column":13},"end":{"line":184,"column":41}}},"11":{"name":"untangle","line":189,"loc":{"start":{"line":189,"column":2},"end":{"line":189,"column":34}}},"12":{"name":"(anonymous_12)","line":198,"loc":{"start":{"line":198,"column":45},"end":{"line":198,"column":60}}},"13":{"name":"iterate","line":238,"loc":{"start":{"line":238,"column":2},"end":{"line":238,"column":38}}},"14":{"name":"(anonymous_14)","line":255,"loc":{"start":{"line":255,"column":28},"end":{"line":255,"column":47}}},"15":{"name":"(anonymous_15)","line":299,"loc":{"start":{"line":299,"column":34},"end":{"line":299,"column":58}}},"16":{"name":"assembler","line":300,"loc":{"start":{"line":300,"column":18},"end":{"line":300,"column":48}}},"17":{"name":"build","line":305,"loc":{"start":{"line":305,"column":8},"end":{"line":305,"column":35}}},"18":{"name":"attach","line":315,"loc":{"start":{"line":315,"column":8},"end":{"line":315,"column":35}}},"19":{"name":"(anonymous_19)","line":335,"loc":{"start":{"line":335,"column":7},"end":{"line":335,"column":22}}},"20":{"name":"get","line":340,"loc":{"start":{"line":340,"column":18},"end":{"line":340,"column":45}}},"21":{"name":"(anonymous_21)","line":341,"loc":{"start":{"line":341,"column":28},"end":{"line":341,"column":49}}},"22":{"name":"(anonymous_22)","line":366,"loc":{"start":{"line":366,"column":17},"end":{"line":366,"column":57}}},"23":{"name":"confirm","line":375,"loc":{"start":{"line":375,"column":2},"end":{"line":375,"column":33}}},"24":{"name":"(anonymous_24)","line":385,"loc":{"start":{"line":385,"column":26},"end":{"line":385,"column":49}}},"25":{"name":"(anonymous_25)","line":390,"loc":{"start":{"line":390,"column":36},"end":{"line":390,"column":53}}},"26":{"name":"(anonymous_26)","line":405,"loc":{"start":{"line":405,"column":18},"end":{"line":405,"column":44}}},"27":{"name":"(anonymous_27)","line":457,"loc":{"start":{"line":457,"column":14},"end":{"line":457,"column":26}}},"28":{"name":"(anonymous_28)","line":508,"loc":{"start":{"line":508,"column":24},"end":{"line":508,"column":40}}},"29":{"name":"(anonymous_29)","line":540,"loc":{"start":{"line":540,"column":5},"end":{"line":540,"column":26}}},"30":{"name":"(anonymous_30)","line":642,"loc":{"start":{"line":642,"column":28},"end":{"line":642,"column":83}}},"31":{"name":"(anonymous_31)","line":679,"loc":{"start":{"line":679,"column":23},"end":{"line":679,"column":60}}},"32":{"name":"(anonymous_32)","line":680,"loc":{"start":{"line":680,"column":33},"end":{"line":680,"column":49}}},"33":{"name":"(anonymous_33)","line":688,"loc":{"start":{"line":688,"column":25},"end":{"line":688,"column":49}}},"34":{"name":"putNested","line":696,"loc":{"start":{"line":696,"column":4},"end":{"line":696,"column":42}}},"35":{"name":"(anonymous_35)","line":711,"loc":{"start":{"line":711,"column":33},"end":{"line":711,"column":48}}},"36":{"name":"(anonymous_36)","line":728,"loc":{"start":{"line":728,"column":19},"end":{"line":728,"column":46}}},"37":{"name":"convert","line":749,"loc":{"start":{"line":749,"column":0},"end":{"line":749,"column":25}}}},"statementMap":{"1":{"start":{"line":8,"column":0},"end":{"line":15,"column":36}},"2":{"start":{"line":21,"column":0},"end":{"line":30,"column":2}},"3":{"start":{"line":22,"column":2},"end":{"line":22,"column":24}},"4":{"start":{"line":23,"column":2},"end":{"line":29,"column":3}},"5":{"start":{"line":24,"column":4},"end":{"line":24,"column":32}},"6":{"start":{"line":26,"column":4},"end":{"line":26,"column":39}},"7":{"start":{"line":27,"column":4},"end":{"line":27,"column":43}},"8":{"start":{"line":28,"column":4},"end":{"line":28,"column":80}},"9":{"start":{"line":35,"column":0},"end":{"line":35,"column":38}},"10":{"start":{"line":37,"column":0},"end":{"line":37,"column":32}},"11":{"start":{"line":38,"column":0},"end":{"line":38,"column":75}},"12":{"start":{"line":39,"column":0},"end":{"line":41,"column":3}},"13":{"start":{"line":43,"column":0},"end":{"line":43,"column":26}},"14":{"start":{"line":44,"column":0},"end":{"line":44,"column":26}},"15":{"start":{"line":45,"column":0},"end":{"line":45,"column":25}},"16":{"start":{"line":46,"column":0},"end":{"line":46,"column":26}},"17":{"start":{"line":47,"column":0},"end":{"line":47,"column":29}},"18":{"start":{"line":48,"column":0},"end":{"line":48,"column":25}},"19":{"start":{"line":49,"column":0},"end":{"line":49,"column":25}},"20":{"start":{"line":55,"column":0},"end":{"line":55,"column":23}},"21":{"start":{"line":61,"column":0},"end":{"line":61,"column":13}},"22":{"start":{"line":70,"column":0},"end":{"line":101,"column":2}},"23":{"start":{"line":71,"column":2},"end":{"line":73,"column":3}},"24":{"start":{"line":72,"column":4},"end":{"line":72,"column":11}},"25":{"start":{"line":75,"column":2},"end":{"line":75,"column":33}},"26":{"start":{"line":76,"column":2},"end":{"line":76,"column":44}},"27":{"start":{"line":77,"column":2},"end":{"line":77,"column":45}},"28":{"start":{"line":83,"column":2},"end":{"line":83,"column":47}},"29":{"start":{"line":84,"column":2},"end":{"line":84,"column":50}},"30":{"start":{"line":85,"column":2},"end":{"line":85,"column":59}},"31":{"start":{"line":86,"column":2},"end":{"line":86,"column":61}},"32":{"start":{"line":87,"column":2},"end":{"line":87,"column":58}},"33":{"start":{"line":89,"column":2},"end":{"line":95,"column":3}},"34":{"start":{"line":91,"column":4},"end":{"line":94,"column":7}},"35":{"start":{"line":92,"column":6},"end":{"line":92,"column":25}},"36":{"start":{"line":93,"column":6},"end":{"line":93,"column":22}},"37":{"start":{"line":97,"column":2},"end":{"line":97,"column":23}},"38":{"start":{"line":98,"column":2},"end":{"line":98,"column":24}},"39":{"start":{"line":99,"column":2},"end":{"line":99,"column":25}},"40":{"start":{"line":100,"column":2},"end":{"line":100,"column":16}},"41":{"start":{"line":107,"column":0},"end":{"line":116,"column":2}},"42":{"start":{"line":108,"column":2},"end":{"line":110,"column":3}},"43":{"start":{"line":109,"column":4},"end":{"line":109,"column":11}},"44":{"start":{"line":112,"column":2},"end":{"line":112,"column":16}},"45":{"start":{"line":113,"column":2},"end":{"line":113,"column":23}},"46":{"start":{"line":114,"column":2},"end":{"line":114,"column":23}},"47":{"start":{"line":115,"column":2},"end":{"line":115,"column":16}},"48":{"start":{"line":122,"column":0},"end":{"line":133,"column":1}},"49":{"start":{"line":123,"column":4},"end":{"line":125,"column":5}},"50":{"start":{"line":124,"column":8},"end":{"line":124,"column":15}},"51":{"start":{"line":127,"column":4},"end":{"line":127,"column":20}},"52":{"start":{"line":128,"column":4},"end":{"line":128,"column":24}},"53":{"start":{"line":129,"column":4},"end":{"line":129,"column":26}},"54":{"start":{"line":130,"column":4},"end":{"line":130,"column":27}},"55":{"start":{"line":131,"column":4},"end":{"line":131,"column":26}},"56":{"start":{"line":132,"column":4},"end":{"line":132,"column":18}},"57":{"start":{"line":139,"column":0},"end":{"line":148,"column":2}},"58":{"start":{"line":140,"column":2},"end":{"line":142,"column":3}},"59":{"start":{"line":141,"column":4},"end":{"line":141,"column":11}},"60":{"start":{"line":144,"column":2},"end":{"line":144,"column":17}},"61":{"start":{"line":145,"column":2},"end":{"line":145,"column":24}},"62":{"start":{"line":146,"column":2},"end":{"line":146,"column":24}},"63":{"start":{"line":147,"column":2},"end":{"line":147,"column":16}},"64":{"start":{"line":156,"column":0},"end":{"line":176,"column":2}},"65":{"start":{"line":157,"column":2},"end":{"line":159,"column":3}},"66":{"start":{"line":158,"column":4},"end":{"line":158,"column":33}},"67":{"start":{"line":161,"column":2},"end":{"line":165,"column":5}},"68":{"start":{"line":162,"column":4},"end":{"line":164,"column":27}},"69":{"start":{"line":167,"column":2},"end":{"line":169,"column":3}},"70":{"start":{"line":168,"column":4},"end":{"line":168,"column":16}},"71":{"start":{"line":171,"column":2},"end":{"line":175,"column":8}},"72":{"start":{"line":172,"column":4},"end":{"line":174,"column":38}},"73":{"start":{"line":184,"column":0},"end":{"line":347,"column":2}},"74":{"start":{"line":189,"column":2},"end":{"line":219,"column":3}},"75":{"start":{"line":190,"column":4},"end":{"line":190,"column":21}},"76":{"start":{"line":191,"column":4},"end":{"line":191,"column":22}},"77":{"start":{"line":193,"column":4},"end":{"line":210,"column":5}},"78":{"start":{"line":198,"column":6},"end":{"line":206,"column":9}},"79":{"start":{"line":199,"column":8},"end":{"line":199,"column":21}},"80":{"start":{"line":200,"column":8},"end":{"line":200,"column":42}},"81":{"start":{"line":205,"column":8},"end":{"line":205,"column":71}},"82":{"start":{"line":209,"column":6},"end":{"line":209,"column":21}},"83":{"start":{"line":215,"column":4},"end":{"line":218,"column":6}},"84":{"start":{"line":238,"column":2},"end":{"line":338,"column":3}},"85":{"start":{"line":239,"column":4},"end":{"line":240,"column":20}},"86":{"start":{"line":242,"column":4},"end":{"line":294,"column":5}},"87":{"start":{"line":246,"column":6},"end":{"line":249,"column":9}},"88":{"start":{"line":251,"column":9},"end":{"line":294,"column":5}},"89":{"start":{"line":255,"column":6},"end":{"line":277,"column":9}},"90":{"start":{"line":256,"column":8},"end":{"line":276,"column":9}},"91":{"start":{"line":257,"column":10},"end":{"line":260,"column":12}},"92":{"start":{"line":262,"column":13},"end":{"line":276,"column":9}},"93":{"start":{"line":263,"column":10},"end":{"line":266,"column":12}},"94":{"start":{"line":268,"column":13},"end":{"line":276,"column":9}},"95":{"start":{"line":269,"column":10},"end":{"line":269,"column":25}},"96":{"start":{"line":272,"column":10},"end":{"line":275,"column":12}},"97":{"start":{"line":279,"column":9},"end":{"line":294,"column":5}},"98":{"start":{"line":283,"column":6},"end":{"line":283,"column":34}},"99":{"start":{"line":290,"column":6},"end":{"line":293,"column":9}},"100":{"start":{"line":299,"column":4},"end":{"line":337,"column":7}},"101":{"start":{"line":300,"column":6},"end":{"line":334,"column":9}},"102":{"start":{"line":301,"column":8},"end":{"line":303,"column":9}},"103":{"start":{"line":302,"column":10},"end":{"line":302,"column":27}},"104":{"start":{"line":305,"column":8},"end":{"line":313,"column":9}},"105":{"start":{"line":306,"column":10},"end":{"line":306,"column":23}},"106":{"start":{"line":307,"column":10},"end":{"line":310,"column":11}},"107":{"start":{"line":308,"column":12},"end":{"line":308,"column":54}},"108":{"start":{"line":309,"column":12},"end":{"line":309,"column":23}},"109":{"start":{"line":312,"column":10},"end":{"line":312,"column":22}},"110":{"start":{"line":315,"column":8},"end":{"line":330,"column":9}},"111":{"start":{"line":316,"column":10},"end":{"line":316,"column":19}},"112":{"start":{"line":317,"column":10},"end":{"line":319,"column":11}},"113":{"start":{"line":318,"column":12},"end":{"line":318,"column":24}},"114":{"start":{"line":321,"column":10},"end":{"line":321,"column":35}},"115":{"start":{"line":322,"column":10},"end":{"line":327,"column":11}},"116":{"start":{"line":323,"column":12},"end":{"line":325,"column":13}},"117":{"start":{"line":324,"column":14},"end":{"line":324,"column":32}},"118":{"start":{"line":326,"column":12},"end":{"line":326,"column":63}},"119":{"start":{"line":329,"column":10},"end":{"line":329,"column":21}},"120":{"start":{"line":332,"column":8},"end":{"line":332,"column":58}},"121":{"start":{"line":333,"column":8},"end":{"line":333,"column":15}},"122":{"start":{"line":336,"column":6},"end":{"line":336,"column":50}},"123":{"start":{"line":340,"column":2},"end":{"line":344,"column":15}},"124":{"start":{"line":341,"column":4},"end":{"line":343,"column":7}},"125":{"start":{"line":342,"column":6},"end":{"line":342,"column":48}},"126":{"start":{"line":346,"column":2},"end":{"line":346,"column":16}},"127":{"start":{"line":366,"column":0},"end":{"line":393,"column":2}},"128":{"start":{"line":367,"column":2},"end":{"line":373,"column":31}},"129":{"start":{"line":375,"column":2},"end":{"line":388,"column":3}},"130":{"start":{"line":376,"column":4},"end":{"line":382,"column":21}},"131":{"start":{"line":385,"column":4},"end":{"line":387,"column":7}},"132":{"start":{"line":386,"column":6},"end":{"line":386,"column":57}},"133":{"start":{"line":390,"column":2},"end":{"line":392,"column":5}},"134":{"start":{"line":391,"column":4},"end":{"line":391,"column":38}},"135":{"start":{"line":397,"column":0},"end":{"line":397,"column":13}},"136":{"start":{"line":405,"column":0},"end":{"line":630,"column":2}},"137":{"start":{"line":406,"column":2},"end":{"line":417,"column":10}},"138":{"start":{"line":423,"column":2},"end":{"line":426,"column":3}},"139":{"start":{"line":425,"column":4},"end":{"line":425,"column":26}},"140":{"start":{"line":432,"column":2},"end":{"line":434,"column":3}},"141":{"start":{"line":433,"column":4},"end":{"line":433,"column":16}},"142":{"start":{"line":436,"column":2},"end":{"line":436,"column":27}},"143":{"start":{"line":437,"column":2},"end":{"line":437,"column":31}},"144":{"start":{"line":438,"column":2},"end":{"line":438,"column":60}},"145":{"start":{"line":439,"column":2},"end":{"line":441,"column":20}},"146":{"start":{"line":443,"column":2},"end":{"line":444,"column":39}},"147":{"start":{"line":444,"column":4},"end":{"line":444,"column":39}},"148":{"start":{"line":446,"column":2},"end":{"line":449,"column":4}},"149":{"start":{"line":456,"column":2},"end":{"line":462,"column":3}},"150":{"start":{"line":457,"column":4},"end":{"line":461,"column":9}},"151":{"start":{"line":458,"column":6},"end":{"line":458,"column":35}},"152":{"start":{"line":459,"column":6},"end":{"line":459,"column":40}},"153":{"start":{"line":460,"column":6},"end":{"line":460,"column":17}},"154":{"start":{"line":468,"column":2},"end":{"line":474,"column":3}},"155":{"start":{"line":469,"column":4},"end":{"line":471,"column":5}},"156":{"start":{"line":470,"column":6},"end":{"line":470,"column":55}},"157":{"start":{"line":473,"column":4},"end":{"line":473,"column":37}},"158":{"start":{"line":479,"column":2},"end":{"line":482,"column":3}},"159":{"start":{"line":481,"column":4},"end":{"line":481,"column":53}},"160":{"start":{"line":484,"column":2},"end":{"line":486,"column":30}},"161":{"start":{"line":488,"column":2},"end":{"line":498,"column":3}},"162":{"start":{"line":489,"column":4},"end":{"line":489,"column":34}},"163":{"start":{"line":490,"column":4},"end":{"line":495,"column":5}},"164":{"start":{"line":491,"column":6},"end":{"line":491,"column":66}},"165":{"start":{"line":494,"column":6},"end":{"line":494,"column":40}},"166":{"start":{"line":496,"column":4},"end":{"line":496,"column":17}},"167":{"start":{"line":497,"column":4},"end":{"line":497,"column":45}},"168":{"start":{"line":503,"column":2},"end":{"line":503,"column":31}},"169":{"start":{"line":504,"column":2},"end":{"line":504,"column":18}},"170":{"start":{"line":505,"column":2},"end":{"line":505,"column":21}},"171":{"start":{"line":507,"column":2},"end":{"line":511,"column":3}},"172":{"start":{"line":508,"column":4},"end":{"line":510,"column":7}},"173":{"start":{"line":509,"column":6},"end":{"line":509,"column":24}},"174":{"start":{"line":516,"column":2},"end":{"line":516,"column":30}},"175":{"start":{"line":521,"column":2},"end":{"line":523,"column":3}},"176":{"start":{"line":522,"column":4},"end":{"line":522,"column":21}},"177":{"start":{"line":528,"column":2},"end":{"line":528,"column":39}},"178":{"start":{"line":533,"column":2},"end":{"line":629,"column":5}},"179":{"start":{"line":541,"column":4},"end":{"line":543,"column":5}},"180":{"start":{"line":542,"column":6},"end":{"line":542,"column":27}},"181":{"start":{"line":545,"column":4},"end":{"line":547,"column":16}},"182":{"start":{"line":549,"column":4},"end":{"line":605,"column":5}},"183":{"start":{"line":551,"column":6},"end":{"line":602,"column":7}},"184":{"start":{"line":552,"column":8},"end":{"line":552,"column":94}},"185":{"start":{"line":557,"column":8},"end":{"line":559,"column":9}},"186":{"start":{"line":558,"column":10},"end":{"line":558,"column":30}},"187":{"start":{"line":564,"column":8},"end":{"line":570,"column":9}},"188":{"start":{"line":565,"column":10},"end":{"line":569,"column":11}},"189":{"start":{"line":566,"column":12},"end":{"line":566,"column":24}},"190":{"start":{"line":567,"column":17},"end":{"line":569,"column":11}},"191":{"start":{"line":568,"column":12},"end":{"line":568,"column":25}},"192":{"start":{"line":575,"column":8},"end":{"line":601,"column":9}},"193":{"start":{"line":576,"column":10},"end":{"line":576,"column":44}},"194":{"start":{"line":577,"column":10},"end":{"line":599,"column":11}},"195":{"start":{"line":578,"column":12},"end":{"line":581,"column":13}},"196":{"start":{"line":579,"column":14},"end":{"line":579,"column":27}},"197":{"start":{"line":580,"column":14},"end":{"line":580,"column":33}},"198":{"start":{"line":584,"column":12},"end":{"line":597,"column":13}},"199":{"start":{"line":585,"column":14},"end":{"line":592,"column":15}},"200":{"start":{"line":586,"column":16},"end":{"line":586,"column":32}},"201":{"start":{"line":587,"column":16},"end":{"line":587,"column":28}},"202":{"start":{"line":590,"column":16},"end":{"line":590,"column":31}},"203":{"start":{"line":591,"column":16},"end":{"line":591,"column":29}},"204":{"start":{"line":595,"column":14},"end":{"line":595,"column":30}},"205":{"start":{"line":596,"column":14},"end":{"line":596,"column":26}},"206":{"start":{"line":598,"column":12},"end":{"line":598,"column":27}},"207":{"start":{"line":600,"column":10},"end":{"line":600,"column":21}},"208":{"start":{"line":604,"column":6},"end":{"line":604,"column":31}},"209":{"start":{"line":607,"column":4},"end":{"line":609,"column":5}},"210":{"start":{"line":608,"column":6},"end":{"line":608,"column":38}},"211":{"start":{"line":612,"column":4},"end":{"line":612,"column":112}},"212":{"start":{"line":612,"column":31},"end":{"line":612,"column":112}},"213":{"start":{"line":614,"column":4},"end":{"line":616,"column":5}},"214":{"start":{"line":615,"column":6},"end":{"line":615,"column":45}},"215":{"start":{"line":623,"column":4},"end":{"line":623,"column":30}},"216":{"start":{"line":624,"column":4},"end":{"line":624,"column":37}},"217":{"start":{"line":625,"column":4},"end":{"line":625,"column":25}},"218":{"start":{"line":628,"column":4},"end":{"line":628,"column":13}},"219":{"start":{"line":642,"column":0},"end":{"line":669,"column":2}},"220":{"start":{"line":643,"column":2},"end":{"line":643,"column":31}},"221":{"start":{"line":644,"column":2},"end":{"line":649,"column":3}},"222":{"start":{"line":645,"column":4},"end":{"line":645,"column":38}},"223":{"start":{"line":648,"column":4},"end":{"line":648,"column":49}},"224":{"start":{"line":651,"column":2},"end":{"line":666,"column":3}},"225":{"start":{"line":652,"column":4},"end":{"line":663,"column":5}},"226":{"start":{"line":653,"column":6},"end":{"line":653,"column":40}},"227":{"start":{"line":655,"column":6},"end":{"line":655,"column":83}},"228":{"start":{"line":657,"column":6},"end":{"line":662,"column":7}},"229":{"start":{"line":658,"column":8},"end":{"line":658,"column":38}},"230":{"start":{"line":661,"column":8},"end":{"line":661,"column":33}},"231":{"start":{"line":665,"column":4},"end":{"line":665,"column":39}},"232":{"start":{"line":668,"column":2},"end":{"line":668,"column":21}},"233":{"start":{"line":679,"column":0},"end":{"line":719,"column":2}},"234":{"start":{"line":680,"column":2},"end":{"line":682,"column":5}},"235":{"start":{"line":681,"column":4},"end":{"line":681,"column":44}},"236":{"start":{"line":684,"column":2},"end":{"line":686,"column":3}},"237":{"start":{"line":685,"column":4},"end":{"line":685,"column":25}},"238":{"start":{"line":688,"column":2},"end":{"line":716,"column":5}},"239":{"start":{"line":689,"column":4},"end":{"line":694,"column":5}},"240":{"start":{"line":690,"column":6},"end":{"line":690,"column":27}},"241":{"start":{"line":692,"column":9},"end":{"line":694,"column":5}},"242":{"start":{"line":693,"column":6},"end":{"line":693,"column":33}},"243":{"start":{"line":696,"column":4},"end":{"line":709,"column":5}},"244":{"start":{"line":697,"column":6},"end":{"line":697,"column":26}},"245":{"start":{"line":699,"column":6},"end":{"line":706,"column":7}},"246":{"start":{"line":700,"column":8},"end":{"line":700,"column":27}},"247":{"start":{"line":701,"column":8},"end":{"line":703,"column":9}},"248":{"start":{"line":702,"column":10},"end":{"line":702,"column":25}},"249":{"start":{"line":705,"column":8},"end":{"line":705,"column":25}},"250":{"start":{"line":708,"column":6},"end":{"line":708,"column":33}},"251":{"start":{"line":711,"column":4},"end":{"line":713,"column":7}},"252":{"start":{"line":712,"column":6},"end":{"line":712,"column":51}},"253":{"start":{"line":715,"column":4},"end":{"line":715,"column":24}},"254":{"start":{"line":718,"column":2},"end":{"line":718,"column":16}},"255":{"start":{"line":728,"column":0},"end":{"line":742,"column":2}},"256":{"start":{"line":729,"column":2},"end":{"line":732,"column":5}},"257":{"start":{"line":739,"column":2},"end":{"line":741,"column":3}},"258":{"start":{"line":740,"column":4},"end":{"line":740,"column":66}},"259":{"start":{"line":749,"column":0},"end":{"line":783,"column":1}},"260":{"start":{"line":750,"column":2},"end":{"line":752,"column":10}},"261":{"start":{"line":754,"column":2},"end":{"line":754,"column":62}},"262":{"start":{"line":756,"column":2},"end":{"line":761,"column":3}},"263":{"start":{"line":757,"column":4},"end":{"line":760,"column":5}},"264":{"start":{"line":758,"column":6},"end":{"line":758,"column":23}},"265":{"start":{"line":759,"column":6},"end":{"line":759,"column":12}},"266":{"start":{"line":763,"column":2},"end":{"line":780,"column":3}},"267":{"start":{"line":764,"column":4},"end":{"line":764,"column":40}},"268":{"start":{"line":765,"column":4},"end":{"line":765,"column":36}},"269":{"start":{"line":767,"column":4},"end":{"line":771,"column":5}},"270":{"start":{"line":768,"column":6},"end":{"line":768,"column":40}},"271":{"start":{"line":770,"column":6},"end":{"line":770,"column":40}},"272":{"start":{"line":773,"column":4},"end":{"line":775,"column":5}},"273":{"start":{"line":774,"column":6},"end":{"line":774,"column":40}},"274":{"start":{"line":777,"column":4},"end":{"line":777,"column":26}},"275":{"start":{"line":778,"column":4},"end":{"line":778,"column":28}},"276":{"start":{"line":779,"column":4},"end":{"line":779,"column":24}},"277":{"start":{"line":782,"column":2},"end":{"line":782,"column":16}}},"branchMap":{"1":{"line":23,"type":"if","locations":[{"start":{"line":23,"column":2},"end":{"line":23,"column":2}},{"start":{"line":23,"column":2},"end":{"line":23,"column":2}}]},"2":{"line":71,"type":"if","locations":[{"start":{"line":71,"column":2},"end":{"line":71,"column":2}},{"start":{"line":71,"column":2},"end":{"line":71,"column":2}}]},"3":{"line":75,"type":"binary-expr","locations":[{"start":{"line":75,"column":12},"end":{"line":75,"column":19}},{"start":{"line":75,"column":30},"end":{"line":75,"column":32}}]},"4":{"line":76,"type":"binary-expr","locations":[{"start":{"line":76,"column":12},"end":{"line":76,"column":25}},{"start":{"line":76,"column":30},"end":{"line":76,"column":43}}]},"5":{"line":77,"type":"binary-expr","locations":[{"start":{"line":77,"column":12},"end":{"line":77,"column":26}},{"start":{"line":77,"column":30},"end":{"line":77,"column":44}}]},"6":{"line":83,"type":"binary-expr","locations":[{"start":{"line":83,"column":22},"end":{"line":83,"column":36}},{"start":{"line":83,"column":44},"end":{"line":83,"column":46}}]},"7":{"line":84,"type":"binary-expr","locations":[{"start":{"line":84,"column":22},"end":{"line":84,"column":40}},{"start":{"line":84,"column":44},"end":{"line":84,"column":49}}]},"8":{"line":85,"type":"binary-expr","locations":[{"start":{"line":85,"column":22},"end":{"line":85,"column":37}},{"start":{"line":85,"column":44},"end":{"line":85,"column":58}}]},"9":{"line":86,"type":"binary-expr","locations":[{"start":{"line":86,"column":22},"end":{"line":86,"column":39}},{"start":{"line":86,"column":44},"end":{"line":86,"column":60}}]},"10":{"line":87,"type":"binary-expr","locations":[{"start":{"line":87,"column":22},"end":{"line":87,"column":36}},{"start":{"line":87,"column":44},"end":{"line":87,"column":57}}]},"11":{"line":89,"type":"if","locations":[{"start":{"line":89,"column":2},"end":{"line":89,"column":2}},{"start":{"line":89,"column":2},"end":{"line":89,"column":2}}]},"12":{"line":108,"type":"if","locations":[{"start":{"line":108,"column":2},"end":{"line":108,"column":2}},{"start":{"line":108,"column":2},"end":{"line":108,"column":2}}]},"13":{"line":108,"type":"binary-expr","locations":[{"start":{"line":108,"column":6},"end":{"line":108,"column":21}},{"start":{"line":108,"column":25},"end":{"line":108,"column":39}},{"start":{"line":108,"column":43},"end":{"line":108,"column":56}}]},"14":{"line":123,"type":"if","locations":[{"start":{"line":123,"column":4},"end":{"line":123,"column":4}},{"start":{"line":123,"column":4},"end":{"line":123,"column":4}}]},"15":{"line":123,"type":"binary-expr","locations":[{"start":{"line":
[...]
');","  prompt.paused = false;","  return prompt;","};","","//","// ### function history (search)","// #### @search {Number|string} Index or property name to find.","// Returns the `property:value` pair from within the prompts","// `history` array.","//","prompt.history = function (search) {","  if (typeof search === 'number') {","    return history[search] || {};","  }","","  var names = history.map(function (pair) {","    return typeof pair.property === 'string'","      ? pair.property","      : pair.property.name;","  });","","  if (!~names.indexOf(search)) {","    return null;","  }","","  return history.filter(function (pair) {","    return typeof pair.property === 'string'","      ? pair.property === search","      : pair.property.name === search;","  })[0];","};","","//","// ### function get (schema, callback)","// #### @schema {Array|Object|string} Set of variables to get input for.","// #### @callback {function} Continuation to pass control to when complete.","// Gets input from the user via stdin for the specified message(s) `msg`.","//","prompt.get = function (schema, callback) {","  //","  // Transforms a full JSON-schema into an array describing path and sub-schemas.","  // Used for iteration purposes.","  //","  function untangle(schema, path) {","    var results = [];","    path = path || [];","","    if (schema.properties) {","      //","      // Iterate over the properties in the schema and use recursion","      // to process sub-properties.","      //","      Object.keys(schema.properties).forEach(function (key) {","        var obj = {};","        obj[key] = schema.properties[key];","","        //","        // Concat a sub-untangling to the results.","        //","        results = results.concat(untangle(obj[key], path.concat(key)));","      });","","      // Return the results.","      return results;","    }","","    //","    // This is a schema \"leaf\".","    //","    return {","      path: path,","      schema: schema","    };","  }","","  //","  // Iterate over the values in the schema, represented as","  // a legit single-property object subschemas. Accepts `schema`","  // of the forms:","  //","  //    'prop-name'","  //","  //    ['string-name', { path: ['or-well-formed-subschema'], properties: ... }]","  //","  //    { path: ['or-well-formed-subschema'], properties: ... ] }","  //","  //    { properties: { 'schema-with-no-path' } }","  //","  // And transforms them all into","  //","  //    { path: ['path', 'to', 'property'], properties: { path: { to: ...} } }","  //","  function iterate(schema, get, done) {","    var iterator = [],","        result = {};","","    if (typeof schema === 'string') {","      //","      // We can iterate over a single string.","      //","      iterator.push({","        path: [schema],","        schema: prompt.properties[schema.toLowerCase()] || {}","      });","    }","    else if (Array.isArray(schema)) {","      //","      // An array of strings and/or single-prop schema and/or no-prop schema.","      //","      iterator = schema.map(function (element) {","        if (typeof element === 'string') {","          return {","            path: [element],","            schema: prompt.properties[element.toLowerCase()] || {}","          };","        }","        else if (element.properties) {","          return {","            path: [Object.keys(element.properties)[0]],","            schema: element.properties[Object.keys(element.properties)[0]]","          };","        }","        else if (element.path && element.schema) {","          return element;","        }","        else {","          return {","            path: [element.name || 'question'],","            schema: element","          };","        }","      });","    }","    else if (schema.properties) {","      //","      // Or a complete schema `untangle` it for use.","      //","      iterator = untangle(schema);","    }","    else {","      //","      // Or a partial schema and path.","      // TODO: Evaluate need for this option.","      //","      iterator = [{","        schema: schema.schema ? schema.schema : schema,","        path: schema.path || [schema.name || 'question']","      }];","    }","","    //","    // Now, iterate and assemble the result.","    //","    async.forEachSeries(iterator, function (branch, next) {","      get(branch, function assembler(err, line) {","        if (err) {","          return next(err);","        }","","        function build(path, line) {","          var obj = {};","          if (path.length) {","            obj[path[0]] = build(path.slice(1), line);","            return obj;","          }","","          return line;","        }","","        function attach(obj, attr) {","          var keys;","          if (typeof attr !== 'object' || attr instanceof Array) {","            return attr;","          }","","          keys = Object.keys(attr);","          if (keys.length) {","            if (!obj[keys[0]]) {","              obj[keys[0]] = {};","            }","            obj[keys[0]] = attach(obj[keys[0]], attr[keys[0]]);","          }","","          return obj;","        }","","        result = attach(result, build(branch.path, line));","        next();","      });","    }, function (err) {","      return err ? done(err) : done(null, result);","    });","  }","","  iterate(schema, function get(target, next) {","    prompt.getInput(target, function (err, line) {","      return err ? next(err) : next(null, line);","    });","  }, callback);","","  return prompt;","};","","//","// ### function confirm (msg, callback)","// #### @msg {Array|Object|string} set of message to confirm","// #### @callback {function} Continuation to pass control to when complete.","// Confirms a single or series of messages by prompting the user for a Y/N response.","// Returns `true` if ALL messages are answered in the affirmative, otherwise `false`","//","// `msg` can be a string, or object (or array of strings/objects).","// An object may have the following properties:","//","//    {","//      description: 'yes/no' // message to prompt user","//      pattern: /^[yntf]{1}/i // optional - regex defining acceptable responses","//      yes: /^[yt]{1}/i // optional - regex defining `affirmative` responses","//      message: 'yes/no' // optional - message to display for invalid responses","//    }","//","prompt.confirm = function (/* msg, options, callback */) {","  var args     = Array.prototype.slice.call(arguments),","      msg      = args.shift(),","      callback = args.pop(),","      opts     = args.shift(),","      vars     = !Array.isArray(msg) ? [msg] : msg,","      RX_Y     = /^[yt]{1}/i,","      RX_YN    = /^[yntf]{1}/i;","","  function confirm(target, next) {","    var yes = target.yes || RX_Y,","      options = utile.mixin({","        description: typeof target === 'string' ? target : target.description||'yes/no',","        pattern: target.pattern || RX_YN,","        name: 'confirm',","        message: target.message || 'yes/no'","      }, opts || {});","","","    prompt.get([options], function (err, result) {","      next(err ? false : yes.test(result[options.name]));","    });","  }","","  async.rejectSeries(vars, confirm, function(result) {","    callback(null, result.length===0);","  });","};","","","// Variables needed outside of getInput for multiline arrays.","var tmp = [];","","","// ### function getInput (prop, callback)","// #### @prop {Object|string} Variable to get input for.","// #### @callback {function} Continuation to pass control to when complete.","// Gets input from the user via stdin for the specified message `msg`.","//","prompt.getInput = function (prop, callback) {","  var schema = prop.schema || prop,","      propName = prop.path && prop.path.join(':') || prop,","      storedSchema = prompt.properties[propName.toLowerCase()],","      delim = prompt.delimiter,","      defaultLine,","      against,","      hidden,","      length,","      valid,","      name,","      raw,","      msg;","","  //","  // If there is a stored schema for `propName` in `propmpt.properties`","  // then use it.","  //","  if (schema instanceof Object && !Object.keys(schema).length &&","    typeof storedSchema !== 'undefined') {","    schema = storedSchema;","  }","","  //","  // Build a proper validation schema if we just have a string","  // and no `storedSchema`.","  //","  if (typeof prop === 'string' && !storedSchema) {","    schema = {};","  }","","  schema = convert(schema);","  defaultLine = schema.default;","  name = prop.description || schema.description || propName;","  raw = prompt.colors","    ? [colors.grey(name), colors.grey(delim)]","    : [name, delim];","","  if (prompt.message)","    raw.unshift(prompt.message, delim);","","  prop = {","    schema: schema,","    path: propName.split(':')","  };","","  //","  // If the schema has no `properties` value then set","  // it to an object containing the current schema","  // for `propName`.","  //","  if (!schema.properties) {","    schema = (function () {","      var obj = { properties: {} };","      obj.properties[propName] = schema;","      return obj;","    })();","  }","","  //","  // Handle overrides here.","  // TODO: Make overrides nestable","  //","  if (prompt.override && prompt.override[propName]) {","    if (prompt._performValidation(name, prop, prompt.override, schema, -1, callback)) {","      return callback(null, prompt.override[propName]);","    }","","    delete prompt.override[propName];","  }","","  //","  // Check if we should skip this prompt","  //","  if (typeof prop.schema.ask === 'function' &&","    !prop.schema.ask()) {","    return callback(null, prop.schema.default || '');","  }","","  var type = (schema.properties && schema.properties[propName] &&","              schema.properties[propName].type || '').toLowerCase().trim(),","      wait = type === 'array';","","  if (type === 'array') {","    length = prop.schema.maxItems;","    if (length) {","      msg = (tmp.length + 1).toString() + '/' + length.toString();","    }","    else {","      msg = (tmp.length + 1).toString();","    }","    msg += delim;","    raw.push(prompt.colors ? msg.grey : msg);","  }","","  //","  // Calculate the raw length and colorize the prompt","  //","  length = raw.join('').length;","  raw[0] = raw[0];","  msg = raw.join('');","","  if (schema.help) {","    schema.help.forEach(function (line) {","      logger.help(line);","    });","  }","","  //","  // Emit a \"prompting\" event","  //","  prompt.emit('prompt', prop);","","  //","  // If there is no default line, set it to an empty string","  //","  if(typeof defaultLine === 'undefined') {","    defaultLine = '';","  }","","  //","  // set to string for readline ( will not accept Numbers )","  //","  defaultLine = defaultLine.toString();","","  //","  // Make the actual read","  //","  read({","    prompt: msg,","    silent: prop.schema && prop.schema.hidden,","    replace: prop.schema && prop.schema.replace,","    default: defaultLine,","    input: stdin,","    output: stdout","  }, function (err, line) {","    if (err && wait === false) {","      return callback(err);","    }","","    var against = {},","        numericInput,","        isValid;","","    if (line !== '') {","","      if (schema.properties[propName]) {","        var type = (schema.properties[propName].type || '').toLowerCase().trim() || undefined;","","        //","        // If type is some sort of numeric create a Number object to pass to revalidator","        //","        if (type === 'number' || type === 'integer') {","          line = Number(line);","        }","","        //","        // Attempt to parse input as a boolean if the schema expects a boolean","        //","        if (type == 'boolean') {","          if(line.toLowerCase() === \"true\" || line.toLowerCase() === 't') {","            line = true;","          } else if(line.toLowerCase() === \"false\" || line.toLowerCase() === 'f') {","            line = false;","          }","        }","","        //","        // If the type is an array, wait for the end. Fixes #54","        //","        if (type == 'array') {","          var length = prop.schema.maxItems;","          if (err) {","            if (err.message == 'canceled') {","              wait = false;","              stdout.write('\\n');","            }","          }","          else {","            if (length) {","              if (tmp.length + 1 < length) {","                isValid = false;","                wait = true;","              }","              else {","                isValid = true;","                wait = false;","              }","            }","            else {","              isValid = false;","              wait = true;","            }","            tmp.push(line);","          }","          line = tmp;","        }","      }","","      against[propName] = line;","    }","","    if (prop && prop.schema.before) {","      line = prop.schema.before(line);","    }","","    // Validate","    if (isValid === undefined) isValid = prompt._performValidation(name, prop, against, schema, line, callback);","","    if (!isValid) {","      return prompt.getInput(prop, callback);","    }","","    //","    // Log the resulting line, append this `property:value`","    // pair to the history for `prompt` and respond to","    // the callback.","    //","    logger.input(line.yellow);","    prompt._remember(propName, line);","    callback(null, line);","","    // Make sure `tmp` is emptied","    tmp = [];","  });","};","","//","// ### function performValidation (name, prop, against, schema, line, callback)","// #### @name {Object} Variable name","// #### @prop {Object|string} Variable to get input for.","// #### @against {Object} Input","// #### @schema {Object} Validation schema","// #### @line {String|Boolean} Input line","// #### @callback {function} Continuation to pass control to when complete.","// Perfoms user input validation, print errors if needed and returns value according to validation","//","prompt._performValidation = function (name, prop, against, schema, line, callback) {","  var numericInput, valid, msg;","  try {","    valid = validate(against, schema);","  }","  catch (err) {","    return (line !== -1) ? callback(err) : false;","  }","","  if (!valid.valid) {","    if (prop.schema.message) {","      logger.error(prop.schema.message);","    } else {","      msg = line !== -1 ? 'Invalid input for ' : 'Invalid command-line input for ';","","      if (prompt.colors) {","        logger.error(msg + name.grey);","      }","      else {","        logger.error(msg + name);","      }","    }","","    prompt.emit('invalid', prop, line);","  }","","  return valid.valid;","};","","//","// ### function addProperties (obj, properties, callback)","// #### @obj {Object} Object to add properties to","// #### @properties {Array} List of properties to get values for","// #### @callback {function} Continuation to pass control to when complete.","// Prompts the user for values each of the `properties` if `obj` does not already","// have a value for the property. Responds with the modified object.","//","prompt.addProperties = function (obj, properties, callback) {","  properties = properties.filter(function (prop) {","    return typeof obj[prop] === 'undefined';","  });","","  if (properties.length === 0) {","    return callback(obj);","  }","","  prompt.get(properties, function (err, results) {","    if (err) {","      return callback(err);","    }","    else if (!results) {","      return callback(null, obj);","    }","","    function putNested (obj, path, value) {","      var last = obj, key;","","      while (path.length > 1) {","        key = path.shift();","        if (!last[key]) {","          last[key] = {};","        }","","        last = last[key];","      }","","      last[path.shift()] = value;","    }","","    Object.keys(results).forEach(function (key) {","      putNested(obj, key.split('.'), results[key]);","    });","","    callback(null, obj);","  });","","  return prompt;","};","","//","// ### @private function _remember (property, value)","// #### @property {Object|string} Property that the value is in response to.","// #### @value {string} User input captured by `prompt`.","// Prepends the `property:value` pair into the private `history` Array","// for `prompt` so that it can be accessed later.","//","prompt._remember = function (property, value) {","  history.unshift({","    property: property,","    value: value","  });","","  //","  // If the length of the `history` Array","  // has exceeded the specified length to remember,","  // `prompt.memory`, truncate it.","  //","  if (history.length > prompt.memory) {","    history.splice(prompt.memory, history.length - prompt.memory);","  }","};","","//","// ### @private function convert (schema)","// #### @schema {Object} Schema for a property","// Converts the schema into new format if it is in old format","//","function convert(schema) {","  var newProps = Object.keys(validate.messages),","      newSchema = false,","      key;","","  newProps = newProps.concat(['description', 'dependencies']);","","  for (key in schema) {","    if (newProps.indexOf(key) > 0) {","      newSchema = true;","      break;","    }","  }","","  if (!newSchema || schema.validator || schema.warning || typeof schema.empty !== 'undefined') {","    schema.description = schema.message;","    schema.message = schema.warning;","","    if (typeof schema.validator === 'function') {","      schema.conform = schema.validator;","    } else {","      schema.pattern = schema.validator;","    }","","    if (typeof schema.empty !== 'undefined') {","      schema.required = !(schema.empty);","    }","","    delete schema.warning;","    delete schema.validator;","    delete schema.empty;","  }","","  return schema;","}",""],"l":{"8":1,"21":1,"22":0,"23":0,"24":0,"26":0,"27":0,"28":0,"35":1,"37":1,"38":1,"39":1,"43":1,"44":1,"45":1,"46":1,"47":1,"48":1,"49":1,"55":1,"61":1,"70":1,"71":0,"72":0,"75":0,"76":0,"77":0,"83":0,"84":0,"85":0,"86":0,"87":0,"89":0,"91":0,"92":0,"93":0,"97":0,"98":0,"99":0,"100":0,"107":1,"108":0,"109":0,"112":0,"113":0,"114":0,"115":0,"122":1,"123":0,"124":0,"127":0,"128":0,"129":0,"130":0,"131":0,"132":0,"139":1,"140":0,"141":0,"144":0,"145":0,"146":0,"147":0,"156":1,"157":0,"158":0,"161":0,"162":0,"167":0,"168":0,"171":0,"172":0,"184":1,"189":1,"190":0,"191":0,"193":0,"198":0,"199":0,"200":0,"205":0,"209":0,"215":0,"238":1,"239":0,"242":0,"246":0,"251":0,"255":0,"256":0,"257":0,"262":0,"263":0,"268":0,"269":0,"272":0,"279":0,"283":0,"290":0,"299":0,"300":0,"301":0,"302":0,"305":1,"306":0,"307":0,"308":0,"309":0,"312":0,"315":1,"316":0,"317":0,"318":0,"321":0,"322":0,"323":0,"324":0,"326":0,"329":0,"332":0,"333":0,"336":0,"340":0,"341":0,"342":0,"346":0,"366":1,"367":0,"375":1,"376":0,"385":0,"386":0,"390":0,"391":0,"397":1,"405":1,"406":0,"423":0,"425":0,"432":0,"433":0,"436":0,"437":0,"438":0,"439":0,"443":0,"444":0,"446":0,"456":0,"457":0,"458":0,"459":0,"460":0,"468":0,"469":0,"470":0,"473":0,"479":0,"481":0,"484":0,"488":0,"489":0,"490":0,"491":0,"494":0,"496":0,"497":0,"503":0,"504":0,"505":0,"507":0,"508":0,"509":0,"516":0,"521":0,"522":0,"528":0,"533":0,"541":0,"542":0,"545":0,"549":0,"551":0,"552":0,"557":0,"558":0,"564":0,"565":0,"566":0,"567":0,"568":0,"575":0,"576":0,"577":0,"578":0,"579":0,"580":0,"584":0,"585":0,"586":0,"587":0,"590":0,"591":0,"595":0,"596":0,"598":0,"600":0,"604":0,"607":0,"608":0,"612":0,"614":0,"615":0,"623":0,"624":0,"625":0,"628":0,"642":1,"643":0,"644":0,"645":0,"648":0,"651":0,"652":0,"653":0,"655":0,"657":0,"658":0,"661":0,"665":0,"668":0,"679":1,"680":0,"681":0,"684":0,"685":0,"688":0,"689":0,"690":0,"692":0,"693":0,"696":1,"697":0,"699":0,"700":0,"701":0,"702":0,"705":0,"708":0,"711":0,"712":0,"715":0,"718":0,"728":1,"729":0,"739":0,"740":0,"749":1,"750":0,"754":0,"756":0,"757":0,"758":0,"759":0,"763":0,"764":0,"765":0,"767":0,"768":0,"770":0,"773":0,"774":0,"777":0,"778":0,"779":0,"782":0}}}